Performing C SOURCE FILE Test HAVE_GCC_PREFERRED_STACK_BOUNDARY failed with the following output:
Change Dir: /home/ost/git/web-game/build/Debug/CMakeFiles/CMakeTmp

Run Build Command:"/usr/bin/gmake" "cmTC_2e973/fast"
/usr/bin/gmake -f CMakeFiles/cmTC_2e973.dir/build.make CMakeFiles/cmTC_2e973.dir/build
gmake[1]: Entering directory '/home/ost/git/web-game/build/Debug/CMakeFiles/CMakeTmp'
Building C object CMakeFiles/cmTC_2e973.dir/src.c.o
/usr/lib64/ccache/cc   -DHAVE_GCC_PREFERRED_STACK_BOUNDARY -mpreferred-stack-boundary=2   -o CMakeFiles/cmTC_2e973.dir/src.c.o   -c /home/ost/git/web-game/build/Debug/CMakeFiles/CMakeTmp/src.c
/home/ost/git/web-game/build/Debug/CMakeFiles/CMakeTmp/src.c:1:0: error: -mpreferred-stack-boundary=2 is not between 4 and 12
 int x = 0; int main(int argc, char **argv) {}
 
CMakeFiles/cmTC_2e973.dir/build.make:65: recipe for target 'CMakeFiles/cmTC_2e973.dir/src.c.o' failed
gmake[1]: *** [CMakeFiles/cmTC_2e973.dir/src.c.o] Error 1
gmake[1]: Leaving directory '/home/ost/git/web-game/build/Debug/CMakeFiles/CMakeTmp'
Makefile:126: recipe for target 'cmTC_2e973/fast' failed
gmake: *** [cmTC_2e973/fast] Error 2

Source file was:
int x = 0; int main(int argc, char **argv) {}
Performing C SOURCE FILE Test HAVE_ALTIVEC_H_HDR failed with the following output:
Change Dir: /home/ost/git/web-game/build/Debug/CMakeFiles/CMakeTmp

Run Build Command:"/usr/bin/gmake" "cmTC_e8f3d/fast"
/usr/bin/gmake -f CMakeFiles/cmTC_e8f3d.dir/build.make CMakeFiles/cmTC_e8f3d.dir/build
gmake[1]: Entering directory '/home/ost/git/web-game/build/Debug/CMakeFiles/CMakeTmp'
Building C object CMakeFiles/cmTC_e8f3d.dir/src.c.o
/usr/lib64/ccache/cc   -DHAVE_ALTIVEC_H_HDR -maltivec   -o CMakeFiles/cmTC_e8f3d.dir/src.c.o   -c /home/ost/git/web-game/build/Debug/CMakeFiles/CMakeTmp/src.c
cc: error: unrecognized command line option ‘-maltivec’; did you mean ‘-mglibc’?
CMakeFiles/cmTC_e8f3d.dir/build.make:65: recipe for target 'CMakeFiles/cmTC_e8f3d.dir/src.c.o' failed
gmake[1]: *** [CMakeFiles/cmTC_e8f3d.dir/src.c.o] Error 1
gmake[1]: Leaving directory '/home/ost/git/web-game/build/Debug/CMakeFiles/CMakeTmp'
Makefile:126: recipe for target 'cmTC_e8f3d/fast' failed
gmake: *** [cmTC_e8f3d/fast] Error 2

Source file was:

          #include <altivec.h>
          vector unsigned int vzero() {
              return vec_splat_u32(0);
          }
          int main(int argc, char **argv) { }
Performing C SOURCE FILE Test HAVE_ALTIVEC failed with the following output:
Change Dir: /home/ost/git/web-game/build/Debug/CMakeFiles/CMakeTmp

Run Build Command:"/usr/bin/gmake" "cmTC_65354/fast"
/usr/bin/gmake -f CMakeFiles/cmTC_65354.dir/build.make CMakeFiles/cmTC_65354.dir/build
gmake[1]: Entering directory '/home/ost/git/web-game/build/Debug/CMakeFiles/CMakeTmp'
Building C object CMakeFiles/cmTC_65354.dir/src.c.o
/usr/lib64/ccache/cc   -DHAVE_ALTIVEC -maltivec   -o CMakeFiles/cmTC_65354.dir/src.c.o   -c /home/ost/git/web-game/build/Debug/CMakeFiles/CMakeTmp/src.c
cc: error: unrecognized command line option ‘-maltivec’; did you mean ‘-mglibc’?
CMakeFiles/cmTC_65354.dir/build.make:65: recipe for target 'CMakeFiles/cmTC_65354.dir/src.c.o' failed
gmake[1]: *** [CMakeFiles/cmTC_65354.dir/src.c.o] Error 1
gmake[1]: Leaving directory '/home/ost/git/web-game/build/Debug/CMakeFiles/CMakeTmp'
Makefile:126: recipe for target 'cmTC_65354/fast' failed
gmake: *** [cmTC_65354/fast] Error 2

Source file was:

          vector unsigned int vzero() {
              return vec_splat_u32(0);
          }
          int main(int argc, char **argv) { }
Determining if the function strlcpy exists failed with the following output:
Change Dir: /home/ost/git/web-game/build/Debug/CMakeFiles/CMakeTmp

Run Build Command:"/usr/bin/gmake" "cmTC_60c9a/fast"
/usr/bin/gmake -f CMakeFiles/cmTC_60c9a.dir/build.make CMakeFiles/cmTC_60c9a.dir/build
gmake[1]: Entering directory '/home/ost/git/web-game/build/Debug/CMakeFiles/CMakeTmp'
Building C object CMakeFiles/cmTC_60c9a.dir/CheckFunctionExists.c.o
/usr/lib64/ccache/cc   -DCHECK_FUNCTION_EXISTS=strlcpy   -o CMakeFiles/cmTC_60c9a.dir/CheckFunctionExists.c.o   -c /usr/share/cmake/Modules/CheckFunctionExists.c
Linking C executable cmTC_60c9a
/usr/bin/cmake -E cmake_link_script CMakeFiles/cmTC_60c9a.dir/link.txt --verbose=1
/usr/lib64/ccache/cc  -DCHECK_FUNCTION_EXISTS=strlcpy    -rdynamic CMakeFiles/cmTC_60c9a.dir/CheckFunctionExists.c.o  -o cmTC_60c9a 
CMakeFiles/cmTC_60c9a.dir/CheckFunctionExists.c.o: In function `main':
CheckFunctionExists.c:(.text+0x10): undefined reference to `strlcpy'
collect2: error: ld returned 1 exit status
CMakeFiles/cmTC_60c9a.dir/build.make:97: recipe for target 'cmTC_60c9a' failed
gmake[1]: *** [cmTC_60c9a] Error 1
gmake[1]: Leaving directory '/home/ost/git/web-game/build/Debug/CMakeFiles/CMakeTmp'
Makefile:126: recipe for target 'cmTC_60c9a/fast' failed
gmake: *** [cmTC_60c9a/fast] Error 2


Determining if the function strlcat exists failed with the following output:
Change Dir: /home/ost/git/web-game/build/Debug/CMakeFiles/CMakeTmp

Run Build Command:"/usr/bin/gmake" "cmTC_81c5b/fast"
/usr/bin/gmake -f CMakeFiles/cmTC_81c5b.dir/build.make CMakeFiles/cmTC_81c5b.dir/build
gmake[1]: Entering directory '/home/ost/git/web-game/build/Debug/CMakeFiles/CMakeTmp'
Building C object CMakeFiles/cmTC_81c5b.dir/CheckFunctionExists.c.o
/usr/lib64/ccache/cc   -DCHECK_FUNCTION_EXISTS=strlcat   -o CMakeFiles/cmTC_81c5b.dir/CheckFunctionExists.c.o   -c /usr/share/cmake/Modules/CheckFunctionExists.c
Linking C executable cmTC_81c5b
/usr/bin/cmake -E cmake_link_script CMakeFiles/cmTC_81c5b.dir/link.txt --verbose=1
/usr/lib64/ccache/cc  -DCHECK_FUNCTION_EXISTS=strlcat    -rdynamic CMakeFiles/cmTC_81c5b.dir/CheckFunctionExists.c.o  -o cmTC_81c5b 
CMakeFiles/cmTC_81c5b.dir/CheckFunctionExists.c.o: In function `main':
CheckFunctionExists.c:(.text+0x10): undefined reference to `strlcat'
collect2: error: ld returned 1 exit status
CMakeFiles/cmTC_81c5b.dir/build.make:97: recipe for target 'cmTC_81c5b' failed
gmake[1]: *** [cmTC_81c5b] Error 1
gmake[1]: Leaving directory '/home/ost/git/web-game/build/Debug/CMakeFiles/CMakeTmp'
Makefile:126: recipe for target 'cmTC_81c5b/fast' failed
gmake: *** [cmTC_81c5b/fast] Error 2


Determining if the function _strrev exists failed with the following output:
Change Dir: /home/ost/git/web-game/build/Debug/CMakeFiles/CMakeTmp

Run Build Command:"/usr/bin/gmake" "cmTC_62a78/fast"
/usr/bin/gmake -f CMakeFiles/cmTC_62a78.dir/build.make CMakeFiles/cmTC_62a78.dir/build
gmake[1]: Entering directory '/home/ost/git/web-game/build/Debug/CMakeFiles/CMakeTmp'
Building C object CMakeFiles/cmTC_62a78.dir/CheckFunctionExists.c.o
/usr/lib64/ccache/cc   -DCHECK_FUNCTION_EXISTS=_strrev   -o CMakeFiles/cmTC_62a78.dir/CheckFunctionExists.c.o   -c /usr/share/cmake/Modules/CheckFunctionExists.c
Linking C executable cmTC_62a78
/usr/bin/cmake -E cmake_link_script CMakeFiles/cmTC_62a78.dir/link.txt --verbose=1
/usr/lib64/ccache/cc  -DCHECK_FUNCTION_EXISTS=_strrev    -rdynamic CMakeFiles/cmTC_62a78.dir/CheckFunctionExists.c.o  -o cmTC_62a78 
CMakeFiles/cmTC_62a78.dir/CheckFunctionExists.c.o: In function `main':
CheckFunctionExists.c:(.text+0x10): undefined reference to `_strrev'
collect2: error: ld returned 1 exit status
CMakeFiles/cmTC_62a78.dir/build.make:97: recipe for target 'cmTC_62a78' failed
gmake[1]: *** [cmTC_62a78] Error 1
gmake[1]: Leaving directory '/home/ost/git/web-game/build/Debug/CMakeFiles/CMakeTmp'
Makefile:126: recipe for target 'cmTC_62a78/fast' failed
gmake: *** [cmTC_62a78/fast] Error 2


Determining if the function _strupr exists failed with the following output:
Change Dir: /home/ost/git/web-game/build/Debug/CMakeFiles/CMakeTmp

Run Build Command:"/usr/bin/gmake" "cmTC_2a03e/fast"
/usr/bin/gmake -f CMakeFiles/cmTC_2a03e.dir/build.make CMakeFiles/cmTC_2a03e.dir/build
gmake[1]: Entering directory '/home/ost/git/web-game/build/Debug/CMakeFiles/CMakeTmp'
Building C object CMakeFiles/cmTC_2a03e.dir/CheckFunctionExists.c.o
/usr/lib64/ccache/cc   -DCHECK_FUNCTION_EXISTS=_strupr   -o CMakeFiles/cmTC_2a03e.dir/CheckFunctionExists.c.o   -c /usr/share/cmake/Modules/CheckFunctionExists.c
Linking C executable cmTC_2a03e
/usr/bin/cmake -E cmake_link_script CMakeFiles/cmTC_2a03e.dir/link.txt --verbose=1
/usr/lib64/ccache/cc  -DCHECK_FUNCTION_EXISTS=_strupr    -rdynamic CMakeFiles/cmTC_2a03e.dir/CheckFunctionExists.c.o  -o cmTC_2a03e 
CMakeFiles/cmTC_2a03e.dir/CheckFunctionExists.c.o: In function `main':
CheckFunctionExists.c:(.text+0x10): undefined reference to `_strupr'
collect2: error: ld returned 1 exit status
CMakeFiles/cmTC_2a03e.dir/build.make:97: recipe for target 'cmTC_2a03e' failed
gmake[1]: *** [cmTC_2a03e] Error 1
gmake[1]: Leaving directory '/home/ost/git/web-game/build/Debug/CMakeFiles/CMakeTmp'
Makefile:126: recipe for target 'cmTC_2a03e/fast' failed
gmake: *** [cmTC_2a03e/fast] Error 2


Determining if the function _strlwr exists failed with the following output:
Change Dir: /home/ost/git/web-game/build/Debug/CMakeFiles/CMakeTmp

Run Build Command:"/usr/bin/gmake" "cmTC_98e98/fast"
/usr/bin/gmake -f CMakeFiles/cmTC_98e98.dir/build.make CMakeFiles/cmTC_98e98.dir/build
gmake[1]: Entering directory '/home/ost/git/web-game/build/Debug/CMakeFiles/CMakeTmp'
Building C object CMakeFiles/cmTC_98e98.dir/CheckFunctionExists.c.o
/usr/lib64/ccache/cc   -DCHECK_FUNCTION_EXISTS=_strlwr   -o CMakeFiles/cmTC_98e98.dir/CheckFunctionExists.c.o   -c /usr/share/cmake/Modules/CheckFunctionExists.c
Linking C executable cmTC_98e98
/usr/bin/cmake -E cmake_link_script CMakeFiles/cmTC_98e98.dir/link.txt --verbose=1
/usr/lib64/ccache/cc  -DCHECK_FUNCTION_EXISTS=_strlwr    -rdynamic CMakeFiles/cmTC_98e98.dir/CheckFunctionExists.c.o  -o cmTC_98e98 
CMakeFiles/cmTC_98e98.dir/CheckFunctionExists.c.o: In function `main':
CheckFunctionExists.c:(.text+0x10): undefined reference to `_strlwr'
collect2: error: ld returned 1 exit status
CMakeFiles/cmTC_98e98.dir/build.make:97: recipe for target 'cmTC_98e98' failed
gmake[1]: *** [cmTC_98e98] Error 1
gmake[1]: Leaving directory '/home/ost/git/web-game/build/Debug/CMakeFiles/CMakeTmp'
Makefile:126: recipe for target 'cmTC_98e98/fast' failed
gmake: *** [cmTC_98e98/fast] Error 2


Determining if the function itoa exists failed with the following output:
Change Dir: /home/ost/git/web-game/build/Debug/CMakeFiles/CMakeTmp

Run Build Command:"/usr/bin/gmake" "cmTC_35db4/fast"
/usr/bin/gmake -f CMakeFiles/cmTC_35db4.dir/build.make CMakeFiles/cmTC_35db4.dir/build
gmake[1]: Entering directory '/home/ost/git/web-game/build/Debug/CMakeFiles/CMakeTmp'
Building C object CMakeFiles/cmTC_35db4.dir/CheckFunctionExists.c.o
/usr/lib64/ccache/cc   -DCHECK_FUNCTION_EXISTS=itoa   -o CMakeFiles/cmTC_35db4.dir/CheckFunctionExists.c.o   -c /usr/share/cmake/Modules/CheckFunctionExists.c
Linking C executable cmTC_35db4
/usr/bin/cmake -E cmake_link_script CMakeFiles/cmTC_35db4.dir/link.txt --verbose=1
/usr/lib64/ccache/cc  -DCHECK_FUNCTION_EXISTS=itoa    -rdynamic CMakeFiles/cmTC_35db4.dir/CheckFunctionExists.c.o  -o cmTC_35db4 
CMakeFiles/cmTC_35db4.dir/CheckFunctionExists.c.o: In function `main':
CheckFunctionExists.c:(.text+0x10): undefined reference to `itoa'
collect2: error: ld returned 1 exit status
CMakeFiles/cmTC_35db4.dir/build.make:97: recipe for target 'cmTC_35db4' failed
gmake[1]: *** [cmTC_35db4] Error 1
gmake[1]: Leaving directory '/home/ost/git/web-game/build/Debug/CMakeFiles/CMakeTmp'
Makefile:126: recipe for target 'cmTC_35db4/fast' failed
gmake: *** [cmTC_35db4/fast] Error 2


Determining if the function _ltoa exists failed with the following output:
Change Dir: /home/ost/git/web-game/build/Debug/CMakeFiles/CMakeTmp

Run Build Command:"/usr/bin/gmake" "cmTC_b928b/fast"
/usr/bin/gmake -f CMakeFiles/cmTC_b928b.dir/build.make CMakeFiles/cmTC_b928b.dir/build
gmake[1]: Entering directory '/home/ost/git/web-game/build/Debug/CMakeFiles/CMakeTmp'
Building C object CMakeFiles/cmTC_b928b.dir/CheckFunctionExists.c.o
/usr/lib64/ccache/cc   -DCHECK_FUNCTION_EXISTS=_ltoa   -o CMakeFiles/cmTC_b928b.dir/CheckFunctionExists.c.o   -c /usr/share/cmake/Modules/CheckFunctionExists.c
Linking C executable cmTC_b928b
/usr/bin/cmake -E cmake_link_script CMakeFiles/cmTC_b928b.dir/link.txt --verbose=1
/usr/lib64/ccache/cc  -DCHECK_FUNCTION_EXISTS=_ltoa    -rdynamic CMakeFiles/cmTC_b928b.dir/CheckFunctionExists.c.o  -o cmTC_b928b 
CMakeFiles/cmTC_b928b.dir/CheckFunctionExists.c.o: In function `main':
CheckFunctionExists.c:(.text+0x10): undefined reference to `_ltoa'
collect2: error: ld returned 1 exit status
CMakeFiles/cmTC_b928b.dir/build.make:97: recipe for target 'cmTC_b928b' failed
gmake[1]: *** [cmTC_b928b] Error 1
gmake[1]: Leaving directory '/home/ost/git/web-game/build/Debug/CMakeFiles/CMakeTmp'
Makefile:126: recipe for target 'cmTC_b928b/fast' failed
gmake: *** [cmTC_b928b/fast] Error 2


Determining if the function _uitoa exists failed with the following output:
Change Dir: /home/ost/git/web-game/build/Debug/CMakeFiles/CMakeTmp

Run Build Command:"/usr/bin/gmake" "cmTC_26e4b/fast"
/usr/bin/gmake -f CMakeFiles/cmTC_26e4b.dir/build.make CMakeFiles/cmTC_26e4b.dir/build
gmake[1]: Entering directory '/home/ost/git/web-game/build/Debug/CMakeFiles/CMakeTmp'
Building C object CMakeFiles/cmTC_26e4b.dir/CheckFunctionExists.c.o
/usr/lib64/ccache/cc   -DCHECK_FUNCTION_EXISTS=_uitoa   -o CMakeFiles/cmTC_26e4b.dir/CheckFunctionExists.c.o   -c /usr/share/cmake/Modules/CheckFunctionExists.c
Linking C executable cmTC_26e4b
/usr/bin/cmake -E cmake_link_script CMakeFiles/cmTC_26e4b.dir/link.txt --verbose=1
/usr/lib64/ccache/cc  -DCHECK_FUNCTION_EXISTS=_uitoa    -rdynamic CMakeFiles/cmTC_26e4b.dir/CheckFunctionExists.c.o  -o cmTC_26e4b 
CMakeFiles/cmTC_26e4b.dir/CheckFunctionExists.c.o: In function `main':
CheckFunctionExists.c:(.text+0x10): undefined reference to `_uitoa'
collect2: error: ld returned 1 exit status
CMakeFiles/cmTC_26e4b.dir/build.make:97: recipe for target 'cmTC_26e4b' failed
gmake[1]: *** [cmTC_26e4b] Error 1
gmake[1]: Leaving directory '/home/ost/git/web-game/build/Debug/CMakeFiles/CMakeTmp'
Makefile:126: recipe for target 'cmTC_26e4b/fast' failed
gmake: *** [cmTC_26e4b/fast] Error 2


Determining if the function _ultoa exists failed with the following output:
Change Dir: /home/ost/git/web-game/build/Debug/CMakeFiles/CMakeTmp

Run Build Command:"/usr/bin/gmake" "cmTC_d2207/fast"
/usr/bin/gmake -f CMakeFiles/cmTC_d2207.dir/build.make CMakeFiles/cmTC_d2207.dir/build
gmake[1]: Entering directory '/home/ost/git/web-game/build/Debug/CMakeFiles/CMakeTmp'
Building C object CMakeFiles/cmTC_d2207.dir/CheckFunctionExists.c.o
/usr/lib64/ccache/cc   -DCHECK_FUNCTION_EXISTS=_ultoa   -o CMakeFiles/cmTC_d2207.dir/CheckFunctionExists.c.o   -c /usr/share/cmake/Modules/CheckFunctionExists.c
Linking C executable cmTC_d2207
/usr/bin/cmake -E cmake_link_script CMakeFiles/cmTC_d2207.dir/link.txt --verbose=1
/usr/lib64/ccache/cc  -DCHECK_FUNCTION_EXISTS=_ultoa    -rdynamic CMakeFiles/cmTC_d2207.dir/CheckFunctionExists.c.o  -o cmTC_d2207 
CMakeFiles/cmTC_d2207.dir/CheckFunctionExists.c.o: In function `main':
CheckFunctionExists.c:(.text+0x10): undefined reference to `_ultoa'
collect2: error: ld returned 1 exit status
CMakeFiles/cmTC_d2207.dir/build.make:97: recipe for target 'cmTC_d2207' failed
gmake[1]: *** [cmTC_d2207] Error 1
gmake[1]: Leaving directory '/home/ost/git/web-game/build/Debug/CMakeFiles/CMakeTmp'
Makefile:126: recipe for target 'cmTC_d2207/fast' failed
gmake: *** [cmTC_d2207/fast] Error 2


Determining if the function _i64toa exists failed with the following output:
Change Dir: /home/ost/git/web-game/build/Debug/CMakeFiles/CMakeTmp

Run Build Command:"/usr/bin/gmake" "cmTC_d63a0/fast"
/usr/bin/gmake -f CMakeFiles/cmTC_d63a0.dir/build.make CMakeFiles/cmTC_d63a0.dir/build
gmake[1]: Entering directory '/home/ost/git/web-game/build/Debug/CMakeFiles/CMakeTmp'
Building C object CMakeFiles/cmTC_d63a0.dir/CheckFunctionExists.c.o
/usr/lib64/ccache/cc   -DCHECK_FUNCTION_EXISTS=_i64toa   -o CMakeFiles/cmTC_d63a0.dir/CheckFunctionExists.c.o   -c /usr/share/cmake/Modules/CheckFunctionExists.c
Linking C executable cmTC_d63a0
/usr/bin/cmake -E cmake_link_script CMakeFiles/cmTC_d63a0.dir/link.txt --verbose=1
/usr/lib64/ccache/cc  -DCHECK_FUNCTION_EXISTS=_i64toa    -rdynamic CMakeFiles/cmTC_d63a0.dir/CheckFunctionExists.c.o  -o cmTC_d63a0 
CMakeFiles/cmTC_d63a0.dir/CheckFunctionExists.c.o: In function `main':
CheckFunctionExists.c:(.text+0x10): undefined reference to `_i64toa'
collect2: error: ld returned 1 exit status
CMakeFiles/cmTC_d63a0.dir/build.make:97: recipe for target 'cmTC_d63a0' failed
gmake[1]: *** [cmTC_d63a0] Error 1
gmake[1]: Leaving directory '/home/ost/git/web-game/build/Debug/CMakeFiles/CMakeTmp'
Makefile:126: recipe for target 'cmTC_d63a0/fast' failed
gmake: *** [cmTC_d63a0/fast] Error 2


Determining if the function _ui64toa exists failed with the following output:
Change Dir: /home/ost/git/web-game/build/Debug/CMakeFiles/CMakeTmp

Run Build Command:"/usr/bin/gmake" "cmTC_2f5ac/fast"
/usr/bin/gmake -f CMakeFiles/cmTC_2f5ac.dir/build.make CMakeFiles/cmTC_2f5ac.dir/build
gmake[1]: Entering directory '/home/ost/git/web-game/build/Debug/CMakeFiles/CMakeTmp'
Building C object CMakeFiles/cmTC_2f5ac.dir/CheckFunctionExists.c.o
/usr/lib64/ccache/cc   -DCHECK_FUNCTION_EXISTS=_ui64toa   -o CMakeFiles/cmTC_2f5ac.dir/CheckFunctionExists.c.o   -c /usr/share/cmake/Modules/CheckFunctionExists.c
Linking C executable cmTC_2f5ac
/usr/bin/cmake -E cmake_link_script CMakeFiles/cmTC_2f5ac.dir/link.txt --verbose=1
/usr/lib64/ccache/cc  -DCHECK_FUNCTION_EXISTS=_ui64toa    -rdynamic CMakeFiles/cmTC_2f5ac.dir/CheckFunctionExists.c.o  -o cmTC_2f5ac 
CMakeFiles/cmTC_2f5ac.dir/CheckFunctionExists.c.o: In function `main':
CheckFunctionExists.c:(.text+0x10): undefined reference to `_ui64toa'
collect2: error: ld returned 1 exit status
CMakeFiles/cmTC_2f5ac.dir/build.make:97: recipe for target 'cmTC_2f5ac' failed
gmake[1]: *** [cmTC_2f5ac] Error 1
gmake[1]: Leaving directory '/home/ost/git/web-game/build/Debug/CMakeFiles/CMakeTmp'
Makefile:126: recipe for target 'cmTC_2f5ac/fast' failed
gmake: *** [cmTC_2f5ac/fast] Error 2


Determining if the function _stricmp exists failed with the following output:
Change Dir: /home/ost/git/web-game/build/Debug/CMakeFiles/CMakeTmp

Run Build Command:"/usr/bin/gmake" "cmTC_20885/fast"
/usr/bin/gmake -f CMakeFiles/cmTC_20885.dir/build.make CMakeFiles/cmTC_20885.dir/build
gmake[1]: Entering directory '/home/ost/git/web-game/build/Debug/CMakeFiles/CMakeTmp'
Building C object CMakeFiles/cmTC_20885.dir/CheckFunctionExists.c.o
/usr/lib64/ccache/cc   -DCHECK_FUNCTION_EXISTS=_stricmp   -o CMakeFiles/cmTC_20885.dir/CheckFunctionExists.c.o   -c /usr/share/cmake/Modules/CheckFunctionExists.c
Linking C executable cmTC_20885
/usr/bin/cmake -E cmake_link_script CMakeFiles/cmTC_20885.dir/link.txt --verbose=1
/usr/lib64/ccache/cc  -DCHECK_FUNCTION_EXISTS=_stricmp    -rdynamic CMakeFiles/cmTC_20885.dir/CheckFunctionExists.c.o  -o cmTC_20885 
CMakeFiles/cmTC_20885.dir/CheckFunctionExists.c.o: In function `main':
CheckFunctionExists.c:(.text+0x10): undefined reference to `_stricmp'
collect2: error: ld returned 1 exit status
CMakeFiles/cmTC_20885.dir/build.make:97: recipe for target 'cmTC_20885' failed
gmake[1]: *** [cmTC_20885] Error 1
gmake[1]: Leaving directory '/home/ost/git/web-game/build/Debug/CMakeFiles/CMakeTmp'
Makefile:126: recipe for target 'cmTC_20885/fast' failed
gmake: *** [cmTC_20885/fast] Error 2


Determining if the function _strnicmp exists failed with the following output:
Change Dir: /home/ost/git/web-game/build/Debug/CMakeFiles/CMakeTmp

Run Build Command:"/usr/bin/gmake" "cmTC_d6c61/fast"
/usr/bin/gmake -f CMakeFiles/cmTC_d6c61.dir/build.make CMakeFiles/cmTC_d6c61.dir/build
gmake[1]: Entering directory '/home/ost/git/web-game/build/Debug/CMakeFiles/CMakeTmp'
Building C object CMakeFiles/cmTC_d6c61.dir/CheckFunctionExists.c.o
/usr/lib64/ccache/cc   -DCHECK_FUNCTION_EXISTS=_strnicmp   -o CMakeFiles/cmTC_d6c61.dir/CheckFunctionExists.c.o   -c /usr/share/cmake/Modules/CheckFunctionExists.c
Linking C executable cmTC_d6c61
/usr/bin/cmake -E cmake_link_script CMakeFiles/cmTC_d6c61.dir/link.txt --verbose=1
/usr/lib64/ccache/cc  -DCHECK_FUNCTION_EXISTS=_strnicmp    -rdynamic CMakeFiles/cmTC_d6c61.dir/CheckFunctionExists.c.o  -o cmTC_d6c61 
CMakeFiles/cmTC_d6c61.dir/CheckFunctionExists.c.o: In function `main':
CheckFunctionExists.c:(.text+0x10): undefined reference to `_strnicmp'
collect2: error: ld returned 1 exit status
CMakeFiles/cmTC_d6c61.dir/build.make:97: recipe for target 'cmTC_d6c61' failed
gmake[1]: *** [cmTC_d6c61] Error 1
gmake[1]: Leaving directory '/home/ost/git/web-game/build/Debug/CMakeFiles/CMakeTmp'
Makefile:126: recipe for target 'cmTC_d6c61/fast' failed
gmake: *** [cmTC_d6c61/fast] Error 2


Determining if the function sysctlbyname exists failed with the following output:
Change Dir: /home/ost/git/web-game/build/Debug/CMakeFiles/CMakeTmp

Run Build Command:"/usr/bin/gmake" "cmTC_a85c1/fast"
/usr/bin/gmake -f CMakeFiles/cmTC_a85c1.dir/build.make CMakeFiles/cmTC_a85c1.dir/build
gmake[1]: Entering directory '/home/ost/git/web-game/build/Debug/CMakeFiles/CMakeTmp'
Building C object CMakeFiles/cmTC_a85c1.dir/CheckFunctionExists.c.o
/usr/lib64/ccache/cc   -DCHECK_FUNCTION_EXISTS=sysctlbyname   -o CMakeFiles/cmTC_a85c1.dir/CheckFunctionExists.c.o   -c /usr/share/cmake/Modules/CheckFunctionExists.c
Linking C executable cmTC_a85c1
/usr/bin/cmake -E cmake_link_script CMakeFiles/cmTC_a85c1.dir/link.txt --verbose=1
/usr/lib64/ccache/cc  -DCHECK_FUNCTION_EXISTS=sysctlbyname    -rdynamic CMakeFiles/cmTC_a85c1.dir/CheckFunctionExists.c.o  -o cmTC_a85c1 
CMakeFiles/cmTC_a85c1.dir/CheckFunctionExists.c.o: In function `main':
CheckFunctionExists.c:(.text+0x10): undefined reference to `sysctlbyname'
collect2: error: ld returned 1 exit status
CMakeFiles/cmTC_a85c1.dir/build.make:97: recipe for target 'cmTC_a85c1' failed
gmake[1]: *** [cmTC_a85c1] Error 1
gmake[1]: Leaving directory '/home/ost/git/web-game/build/Debug/CMakeFiles/CMakeTmp'
Makefile:126: recipe for target 'cmTC_a85c1/fast' failed
gmake: *** [cmTC_a85c1/fast] Error 2


Determining if the function iconv_open exists in the iconv failed with the following output:
Change Dir: /home/ost/git/web-game/build/Debug/CMakeFiles/CMakeTmp

Run Build Command:"/usr/bin/gmake" "cmTC_4f25a/fast"
/usr/bin/gmake -f CMakeFiles/cmTC_4f25a.dir/build.make CMakeFiles/cmTC_4f25a.dir/build
gmake[1]: Entering directory '/home/ost/git/web-game/build/Debug/CMakeFiles/CMakeTmp'
Building C object CMakeFiles/cmTC_4f25a.dir/CheckFunctionExists.c.o
/usr/lib64/ccache/cc   -DCHECK_FUNCTION_EXISTS=iconv_open   -o CMakeFiles/cmTC_4f25a.dir/CheckFunctionExists.c.o   -c /usr/share/cmake/Modules/CheckFunctionExists.c
Linking C executable cmTC_4f25a
/usr/bin/cmake -E cmake_link_script CMakeFiles/cmTC_4f25a.dir/link.txt --verbose=1
/usr/lib64/ccache/cc  -DCHECK_FUNCTION_EXISTS=iconv_open    -rdynamic CMakeFiles/cmTC_4f25a.dir/CheckFunctionExists.c.o  -o cmTC_4f25a -liconv 
/usr/bin/ld: cannot find -liconv
collect2: error: ld returned 1 exit status
CMakeFiles/cmTC_4f25a.dir/build.make:97: recipe for target 'cmTC_4f25a' failed
gmake[1]: *** [cmTC_4f25a] Error 1
gmake[1]: Leaving directory '/home/ost/git/web-game/build/Debug/CMakeFiles/CMakeTmp'
Makefile:126: recipe for target 'cmTC_4f25a/fast' failed
gmake: *** [cmTC_4f25a/fast] Error 2


Determining if the function alloca exists failed with the following output:
Change Dir: /home/ost/git/web-game/build/Debug/CMakeFiles/CMakeTmp

Run Build Command:"/usr/bin/gmake" "cmTC_6ab3a/fast"
/usr/bin/gmake -f CMakeFiles/cmTC_6ab3a.dir/build.make CMakeFiles/cmTC_6ab3a.dir/build
gmake[1]: Entering directory '/home/ost/git/web-game/build/Debug/CMakeFiles/CMakeTmp'
Building C object CMakeFiles/cmTC_6ab3a.dir/CheckFunctionExists.c.o
/usr/lib64/ccache/cc   -DCHECK_FUNCTION_EXISTS=alloca   -o CMakeFiles/cmTC_6ab3a.dir/CheckFunctionExists.c.o   -c /usr/share/cmake/Modules/CheckFunctionExists.c
<command-line>:0:23: warning: conflicting types for built-in function ‘alloca’
/usr/share/cmake/Modules/CheckFunctionExists.c:7:3: note: in expansion of macro ‘CHECK_FUNCTION_EXISTS’
   CHECK_FUNCTION_EXISTS(void);
   ^~~~~~~~~~~~~~~~~~~~~
Linking C executable cmTC_6ab3a
/usr/bin/cmake -E cmake_link_script CMakeFiles/cmTC_6ab3a.dir/link.txt --verbose=1
/usr/lib64/ccache/cc  -DCHECK_FUNCTION_EXISTS=alloca    -rdynamic CMakeFiles/cmTC_6ab3a.dir/CheckFunctionExists.c.o  -o cmTC_6ab3a 
CMakeFiles/cmTC_6ab3a.dir/CheckFunctionExists.c.o: In function `main':
CheckFunctionExists.c:(.text+0x10): undefined reference to `alloca'
collect2: error: ld returned 1 exit status
CMakeFiles/cmTC_6ab3a.dir/build.make:97: recipe for target 'cmTC_6ab3a' failed
gmake[1]: *** [cmTC_6ab3a] Error 1
gmake[1]: Leaving directory '/home/ost/git/web-game/build/Debug/CMakeFiles/CMakeTmp'
Makefile:126: recipe for target 'cmTC_6ab3a/fast' failed
gmake: *** [cmTC_6ab3a/fast] Error 2


Determining if the function dlopen exists failed with the following output:
Change Dir: /home/ost/git/web-game/build/Debug/CMakeFiles/CMakeTmp

Run Build Command:"/usr/bin/gmake" "cmTC_920a0/fast"
/usr/bin/gmake -f CMakeFiles/cmTC_920a0.dir/build.make CMakeFiles/cmTC_920a0.dir/build
gmake[1]: Entering directory '/home/ost/git/web-game/build/Debug/CMakeFiles/CMakeTmp'
Building C object CMakeFiles/cmTC_920a0.dir/CheckFunctionExists.c.o
/usr/lib64/ccache/cc   -DCHECK_FUNCTION_EXISTS=dlopen   -o CMakeFiles/cmTC_920a0.dir/CheckFunctionExists.c.o   -c /usr/share/cmake/Modules/CheckFunctionExists.c
Linking C executable cmTC_920a0
/usr/bin/cmake -E cmake_link_script CMakeFiles/cmTC_920a0.dir/link.txt --verbose=1
/usr/lib64/ccache/cc  -DCHECK_FUNCTION_EXISTS=dlopen    -rdynamic CMakeFiles/cmTC_920a0.dir/CheckFunctionExists.c.o  -o cmTC_920a0 
CMakeFiles/cmTC_920a0.dir/CheckFunctionExists.c.o: In function `main':
CheckFunctionExists.c:(.text+0x10): undefined reference to `dlopen'
collect2: error: ld returned 1 exit status
CMakeFiles/cmTC_920a0.dir/build.make:97: recipe for target 'cmTC_920a0' failed
gmake[1]: *** [cmTC_920a0] Error 1
gmake[1]: Leaving directory '/home/ost/git/web-game/build/Debug/CMakeFiles/CMakeTmp'
Makefile:126: recipe for target 'cmTC_920a0/fast' failed
gmake: *** [cmTC_920a0/fast] Error 2


Determining if the include file audio/audiolib.h exists failed with the following output:
Change Dir: /home/ost/git/web-game/build/Debug/CMakeFiles/CMakeTmp

Run Build Command:"/usr/bin/gmake" "cmTC_cfcdc/fast"
/usr/bin/gmake -f CMakeFiles/cmTC_cfcdc.dir/build.make CMakeFiles/cmTC_cfcdc.dir/build
gmake[1]: Entering directory '/home/ost/git/web-game/build/Debug/CMakeFiles/CMakeTmp'
Building C object CMakeFiles/cmTC_cfcdc.dir/CheckIncludeFile.c.o
/usr/lib64/ccache/cc    -o CMakeFiles/cmTC_cfcdc.dir/CheckIncludeFile.c.o   -c /home/ost/git/web-game/build/Debug/CMakeFiles/CMakeTmp/CheckIncludeFile.c
/home/ost/git/web-game/build/Debug/CMakeFiles/CMakeTmp/CheckIncludeFile.c:1:28: fatal error: audio/audiolib.h: No such file or directory
 #include <audio/audiolib.h>
                            ^
compilation terminated.
CMakeFiles/cmTC_cfcdc.dir/build.make:65: recipe for target 'CMakeFiles/cmTC_cfcdc.dir/CheckIncludeFile.c.o' failed
gmake[1]: *** [CMakeFiles/cmTC_cfcdc.dir/CheckIncludeFile.c.o] Error 1
gmake[1]: Leaving directory '/home/ost/git/web-game/build/Debug/CMakeFiles/CMakeTmp'
Makefile:126: recipe for target 'cmTC_cfcdc/fast' failed
gmake: *** [cmTC_cfcdc/fast] Error 2


Determining if the include file sndio.h exists failed with the following output:
Change Dir: /home/ost/git/web-game/build/Debug/CMakeFiles/CMakeTmp

Run Build Command:"/usr/bin/gmake" "cmTC_fe9ec/fast"
/usr/bin/gmake -f CMakeFiles/cmTC_fe9ec.dir/build.make CMakeFiles/cmTC_fe9ec.dir/build
gmake[1]: Entering directory '/home/ost/git/web-game/build/Debug/CMakeFiles/CMakeTmp'
Building C object CMakeFiles/cmTC_fe9ec.dir/CheckIncludeFile.c.o
/usr/lib64/ccache/cc    -o CMakeFiles/cmTC_fe9ec.dir/CheckIncludeFile.c.o   -c /home/ost/git/web-game/build/Debug/CMakeFiles/CMakeTmp/CheckIncludeFile.c
/home/ost/git/web-game/build/Debug/CMakeFiles/CMakeTmp/CheckIncludeFile.c:1:19: fatal error: sndio.h: No such file or directory
 #include <sndio.h>
                   ^
compilation terminated.
CMakeFiles/cmTC_fe9ec.dir/build.make:65: recipe for target 'CMakeFiles/cmTC_fe9ec.dir/CheckIncludeFile.c.o' failed
gmake[1]: *** [CMakeFiles/cmTC_fe9ec.dir/CheckIncludeFile.c.o] Error 1
gmake[1]: Leaving directory '/home/ost/git/web-game/build/Debug/CMakeFiles/CMakeTmp'
Makefile:126: recipe for target 'cmTC_fe9ec/fast' failed
gmake: *** [cmTC_fe9ec/fast] Error 2


Performing C SOURCE FILE Test HAVE_VIDEO_RPI failed with the following output:
Change Dir: /home/ost/git/web-game/build/Debug/CMakeFiles/CMakeTmp

Run Build Command:"/usr/bin/gmake" "cmTC_4da8d/fast"
/usr/bin/gmake -f CMakeFiles/cmTC_4da8d.dir/build.make CMakeFiles/cmTC_4da8d.dir/build
gmake[1]: Entering directory '/home/ost/git/web-game/build/Debug/CMakeFiles/CMakeTmp'
Building C object CMakeFiles/cmTC_4da8d.dir/src.c.o
/usr/lib64/ccache/cc   -DHAVE_VIDEO_RPI  -I/opt/vc/include/interface/vmcs_host/linux/ -I/opt/vc/include/interface/vcos/pthreads -I/opt/vc/include  -L/opt/vc/lib   -o CMakeFiles/cmTC_4da8d.dir/src.c.o   -c /home/ost/git/web-game/build/Debug/CMakeFiles/CMakeTmp/src.c
/home/ost/git/web-game/build/Debug/CMakeFiles/CMakeTmp/src.c:2:30: fatal error: bcm_host.h: No such file or directory
         #include <bcm_host.h>
                              ^
compilation terminated.
CMakeFiles/cmTC_4da8d.dir/build.make:65: recipe for target 'CMakeFiles/cmTC_4da8d.dir/src.c.o' failed
gmake[1]: *** [CMakeFiles/cmTC_4da8d.dir/src.c.o] Error 1
gmake[1]: Leaving directory '/home/ost/git/web-game/build/Debug/CMakeFiles/CMakeTmp'
Makefile:126: recipe for target 'cmTC_4da8d/fast' failed
gmake: *** [cmTC_4da8d/fast] Error 2

Source file was:

        #include <bcm_host.h>
        int main(int argc, char **argv) {}
Performing C SOURCE FILE Test HAVE_VIDEO_OPENGLES_V1 failed with the following output:
Change Dir: /home/ost/git/web-game/build/Debug/CMakeFiles/CMakeTmp

Run Build Command:"/usr/bin/gmake" "cmTC_7aa33/fast"
/usr/bin/gmake -f CMakeFiles/cmTC_7aa33.dir/build.make CMakeFiles/cmTC_7aa33.dir/build
gmake[1]: Entering directory '/home/ost/git/web-game/build/Debug/CMakeFiles/CMakeTmp'
Building C object CMakeFiles/cmTC_7aa33.dir/src.c.o
/usr/lib64/ccache/cc   -DHAVE_VIDEO_OPENGLES_V1   -o CMakeFiles/cmTC_7aa33.dir/src.c.o   -c /home/ost/git/web-game/build/Debug/CMakeFiles/CMakeTmp/src.c
/home/ost/git/web-game/build/Debug/CMakeFiles/CMakeTmp/src.c:2:27: fatal error: GLES/gl.h: No such file or directory
       #include <GLES/gl.h>
                           ^
compilation terminated.
CMakeFiles/cmTC_7aa33.dir/build.make:65: recipe for target 'CMakeFiles/cmTC_7aa33.dir/src.c.o' failed
gmake[1]: *** [CMakeFiles/cmTC_7aa33.dir/src.c.o] Error 1
gmake[1]: Leaving directory '/home/ost/git/web-game/build/Debug/CMakeFiles/CMakeTmp'
Makefile:126: recipe for target 'cmTC_7aa33/fast' failed
gmake: *** [cmTC_7aa33/fast] Error 2

Source file was:

      #include <GLES/gl.h>
      #include <GLES/glext.h>
      int main (int argc, char** argv) {}
Performing C SOURCE FILE Test HAVE_VIDEO_VIVANTE_VDK failed with the following output:
Change Dir: /home/ost/git/web-game/build/Debug/CMakeFiles/CMakeTmp

Run Build Command:"/usr/bin/gmake" "cmTC_1c8cd/fast"
/usr/bin/gmake -f CMakeFiles/cmTC_1c8cd.dir/build.make CMakeFiles/cmTC_1c8cd.dir/build
gmake[1]: Entering directory '/home/ost/git/web-game/build/Debug/CMakeFiles/CMakeTmp'
Building C object CMakeFiles/cmTC_1c8cd.dir/src.c.o
/usr/lib64/ccache/cc   -DHAVE_VIDEO_VIVANTE_VDK   -o CMakeFiles/cmTC_1c8cd.dir/src.c.o   -c /home/ost/git/web-game/build/Debug/CMakeFiles/CMakeTmp/src.c
/home/ost/git/web-game/build/Debug/CMakeFiles/CMakeTmp/src.c:2:28: fatal error: gc_vdk.h: No such file or directory
         #include <gc_vdk.h>
                            ^
compilation terminated.
CMakeFiles/cmTC_1c8cd.dir/build.make:65: recipe for target 'CMakeFiles/cmTC_1c8cd.dir/src.c.o' failed
gmake[1]: *** [CMakeFiles/cmTC_1c8cd.dir/src.c.o] Error 1
gmake[1]: Leaving directory '/home/ost/git/web-game/build/Debug/CMakeFiles/CMakeTmp'
Makefile:126: recipe for target 'cmTC_1c8cd/fast' failed
gmake: *** [cmTC_1c8cd/fast] Error 2

Source file was:

        #include <gc_vdk.h>
        int main(int argc, char** argv) {}
Performing C SOURCE FILE Test HAVE_VIDEO_VIVANTE_EGL_FB failed with the following output:
Change Dir: /home/ost/git/web-game/build/Debug/CMakeFiles/CMakeTmp

Run Build Command:"/usr/bin/gmake" "cmTC_2f116/fast"
/usr/bin/gmake -f CMakeFiles/cmTC_2f116.dir/build.make CMakeFiles/cmTC_2f116.dir/build
gmake[1]: Entering directory '/home/ost/git/web-game/build/Debug/CMakeFiles/CMakeTmp'
Building C object CMakeFiles/cmTC_2f116.dir/src.c.o
/usr/lib64/ccache/cc   -DHAVE_VIDEO_VIVANTE_EGL_FB   -o CMakeFiles/cmTC_2f116.dir/src.c.o   -c /home/ost/git/web-game/build/Debug/CMakeFiles/CMakeTmp/src.c
/home/ost/git/web-game/build/Debug/CMakeFiles/CMakeTmp/src.c:4:36: fatal error: EGL/eglvivante.h: No such file or directory
         #include <EGL/eglvivante.h>
                                    ^
compilation terminated.
CMakeFiles/cmTC_2f116.dir/build.make:65: recipe for target 'CMakeFiles/cmTC_2f116.dir/src.c.o' failed
gmake[1]: *** [CMakeFiles/cmTC_2f116.dir/src.c.o] Error 1
gmake[1]: Leaving directory '/home/ost/git/web-game/build/Debug/CMakeFiles/CMakeTmp'
Makefile:126: recipe for target 'cmTC_2f116/fast' failed
gmake: *** [cmTC_2f116/fast] Error 2

Source file was:

        #define LINUX
        #define EGL_API_FB
        #include <EGL/eglvivante.h>
        int main(int argc, char** argv) {}
Determining if the include file fcitx/frontend.h exists failed with the following output:
Change Dir: /home/ost/git/web-game/build/Debug/CMakeFiles/CMakeTmp

Run Build Command:"/usr/bin/gmake" "cmTC_dea6b/fast"
/usr/bin/gmake -f CMakeFiles/cmTC_dea6b.dir/build.make CMakeFiles/cmTC_dea6b.dir/build
gmake[1]: Entering directory '/home/ost/git/web-game/build/Debug/CMakeFiles/CMakeTmp'
Building C object CMakeFiles/cmTC_dea6b.dir/CheckIncludeFile.c.o
/usr/lib64/ccache/cc    -o CMakeFiles/cmTC_dea6b.dir/CheckIncludeFile.c.o   -c /home/ost/git/web-game/build/Debug/CMakeFiles/CMakeTmp/CheckIncludeFile.c
/home/ost/git/web-game/build/Debug/CMakeFiles/CMakeTmp/CheckIncludeFile.c:1:28: fatal error: fcitx/frontend.h: No such file or directory
 #include <fcitx/frontend.h>
                            ^
compilation terminated.
CMakeFiles/cmTC_dea6b.dir/build.make:65: recipe for target 'CMakeFiles/cmTC_dea6b.dir/CheckIncludeFile.c.o' failed
gmake[1]: *** [CMakeFiles/cmTC_dea6b.dir/CheckIncludeFile.c.o] Error 1
gmake[1]: Leaving directory '/home/ost/git/web-game/build/Debug/CMakeFiles/CMakeTmp'
Makefile:126: recipe for target 'cmTC_dea6b/fast' failed
gmake: *** [cmTC_dea6b/fast] Error 2


Performing C SOURCE FILE Test HAVE_INPUT_TSLIB failed with the following output:
Change Dir: /home/ost/git/web-game/build/Debug/CMakeFiles/CMakeTmp

Run Build Command:"/usr/bin/gmake" "cmTC_f22ab/fast"
/usr/bin/gmake -f CMakeFiles/cmTC_f22ab.dir/build.make CMakeFiles/cmTC_f22ab.dir/build
gmake[1]: Entering directory '/home/ost/git/web-game/build/Debug/CMakeFiles/CMakeTmp'
Building C object CMakeFiles/cmTC_f22ab.dir/src.c.o
/usr/lib64/ccache/cc   -DHAVE_INPUT_TSLIB   -o CMakeFiles/cmTC_f22ab.dir/src.c.o   -c /home/ost/git/web-game/build/Debug/CMakeFiles/CMakeTmp/src.c
/home/ost/git/web-game/build/Debug/CMakeFiles/CMakeTmp/src.c:2:27: fatal error: tslib.h: No such file or directory
         #include "tslib.h"
                           ^
compilation terminated.
CMakeFiles/cmTC_f22ab.dir/build.make:65: recipe for target 'CMakeFiles/cmTC_f22ab.dir/src.c.o' failed
gmake[1]: *** [CMakeFiles/cmTC_f22ab.dir/src.c.o] Error 1
gmake[1]: Leaving directory '/home/ost/git/web-game/build/Debug/CMakeFiles/CMakeTmp'
Makefile:126: recipe for target 'cmTC_f22ab/fast' failed
gmake: *** [cmTC_f22ab/fast] Error 2

Source file was:

        #include "tslib.h"
        int main(int argc, char** argv) { }
Determining if the function hid_init exists in the usbhid failed with the following output:
Change Dir: /home/ost/git/web-game/build/Debug/CMakeFiles/CMakeTmp

Run Build Command:"/usr/bin/gmake" "cmTC_3e6a6/fast"
/usr/bin/gmake -f CMakeFiles/cmTC_3e6a6.dir/build.make CMakeFiles/cmTC_3e6a6.dir/build
gmake[1]: Entering directory '/home/ost/git/web-game/build/Debug/CMakeFiles/CMakeTmp'
Building C object CMakeFiles/cmTC_3e6a6.dir/CheckFunctionExists.c.o
/usr/lib64/ccache/cc   -DCHECK_FUNCTION_EXISTS=hid_init   -o CMakeFiles/cmTC_3e6a6.dir/CheckFunctionExists.c.o   -c /usr/share/cmake/Modules/CheckFunctionExists.c
Linking C executable cmTC_3e6a6
/usr/bin/cmake -E cmake_link_script CMakeFiles/cmTC_3e6a6.dir/link.txt --verbose=1
/usr/lib64/ccache/cc  -DCHECK_FUNCTION_EXISTS=hid_init    -rdynamic CMakeFiles/cmTC_3e6a6.dir/CheckFunctionExists.c.o  -o cmTC_3e6a6 -lusbhid 
/usr/bin/ld: cannot find -lusbhid
collect2: error: ld returned 1 exit status
CMakeFiles/cmTC_3e6a6.dir/build.make:97: recipe for target 'cmTC_3e6a6' failed
gmake[1]: *** [cmTC_3e6a6] Error 1
gmake[1]: Leaving directory '/home/ost/git/web-game/build/Debug/CMakeFiles/CMakeTmp'
Makefile:126: recipe for target 'cmTC_3e6a6/fast' failed
gmake: *** [cmTC_3e6a6/fast] Error 2


Determining if the include file usb.h exists failed with the following output:
Change Dir: /home/ost/git/web-game/build/Debug/CMakeFiles/CMakeTmp

Run Build Command:"/usr/bin/gmake" "cmTC_a14bb/fast"
/usr/bin/gmake -f CMakeFiles/cmTC_a14bb.dir/build.make CMakeFiles/cmTC_a14bb.dir/build
gmake[1]: Entering directory '/home/ost/git/web-game/build/Debug/CMakeFiles/CMakeTmp'
Building C object CMakeFiles/cmTC_a14bb.dir/CheckIncludeFile.c.o
/usr/lib64/ccache/cc    -o CMakeFiles/cmTC_a14bb.dir/CheckIncludeFile.c.o   -c /home/ost/git/web-game/build/Debug/CMakeFiles/CMakeTmp/CheckIncludeFile.c
/home/ost/git/web-game/build/Debug/CMakeFiles/CMakeTmp/CheckIncludeFile.c:1:17: fatal error: usb.h: No such file or directory
 #include <usb.h>
                 ^
compilation terminated.
CMakeFiles/cmTC_a14bb.dir/build.make:65: recipe for target 'CMakeFiles/cmTC_a14bb.dir/CheckIncludeFile.c.o' failed
gmake[1]: *** [CMakeFiles/cmTC_a14bb.dir/CheckIncludeFile.c.o] Error 1
gmake[1]: Leaving directory '/home/ost/git/web-game/build/Debug/CMakeFiles/CMakeTmp'
Makefile:126: recipe for target 'cmTC_a14bb/fast' failed
gmake: *** [cmTC_a14bb/fast] Error 2


Determining if the include file libusb.h exists failed with the following output:
Change Dir: /home/ost/git/web-game/build/Debug/CMakeFiles/CMakeTmp

Run Build Command:"/usr/bin/gmake" "cmTC_9eb1a/fast"
/usr/bin/gmake -f CMakeFiles/cmTC_9eb1a.dir/build.make CMakeFiles/cmTC_9eb1a.dir/build
gmake[1]: Entering directory '/home/ost/git/web-game/build/Debug/CMakeFiles/CMakeTmp'
Building C object CMakeFiles/cmTC_9eb1a.dir/CheckIncludeFile.c.o
/usr/lib64/ccache/cc    -o CMakeFiles/cmTC_9eb1a.dir/CheckIncludeFile.c.o   -c /home/ost/git/web-game/build/Debug/CMakeFiles/CMakeTmp/CheckIncludeFile.c
/home/ost/git/web-game/build/Debug/CMakeFiles/CMakeTmp/CheckIncludeFile.c:1:20: fatal error: libusb.h: No such file or directory
 #include <libusb.h>
                    ^
compilation terminated.
CMakeFiles/cmTC_9eb1a.dir/build.make:65: recipe for target 'CMakeFiles/cmTC_9eb1a.dir/CheckIncludeFile.c.o' failed
gmake[1]: *** [CMakeFiles/cmTC_9eb1a.dir/CheckIncludeFile.c.o] Error 1
gmake[1]: Leaving directory '/home/ost/git/web-game/build/Debug/CMakeFiles/CMakeTmp'
Makefile:126: recipe for target 'cmTC_9eb1a/fast' failed
gmake: *** [cmTC_9eb1a/fast] Error 2


Determining if the function hid_init exists in the usb failed with the following output:
Change Dir: /home/ost/git/web-game/build/Debug/CMakeFiles/CMakeTmp

Run Build Command:"/usr/bin/gmake" "cmTC_14758/fast"
/usr/bin/gmake -f CMakeFiles/cmTC_14758.dir/build.make CMakeFiles/cmTC_14758.dir/build
gmake[1]: Entering directory '/home/ost/git/web-game/build/Debug/CMakeFiles/CMakeTmp'
Building C object CMakeFiles/cmTC_14758.dir/CheckFunctionExists.c.o
/usr/lib64/ccache/cc   -DCHECK_FUNCTION_EXISTS=hid_init   -o CMakeFiles/cmTC_14758.dir/CheckFunctionExists.c.o   -c /usr/share/cmake/Modules/CheckFunctionExists.c
Linking C executable cmTC_14758
/usr/bin/cmake -E cmake_link_script CMakeFiles/cmTC_14758.dir/link.txt --verbose=1
/usr/lib64/ccache/cc  -DCHECK_FUNCTION_EXISTS=hid_init    -rdynamic CMakeFiles/cmTC_14758.dir/CheckFunctionExists.c.o  -o cmTC_14758 -lusb 
/usr/bin/ld: cannot find -lusb
collect2: error: ld returned 1 exit status
CMakeFiles/cmTC_14758.dir/build.make:97: recipe for target 'cmTC_14758' failed
gmake[1]: *** [cmTC_14758] Error 1
gmake[1]: Leaving directory '/home/ost/git/web-game/build/Debug/CMakeFiles/CMakeTmp'
Makefile:126: recipe for target 'cmTC_14758/fast' failed
gmake: *** [cmTC_14758/fast] Error 2


Performing C SOURCE FILE Test HAVE_USBHID failed with the following output:
Change Dir: /home/ost/git/web-game/build/Debug/CMakeFiles/CMakeTmp

Run Build Command:"/usr/bin/gmake" "cmTC_9da21/fast"
/usr/bin/gmake -f CMakeFiles/cmTC_9da21.dir/build.make CMakeFiles/cmTC_9da21.dir/build
gmake[1]: Entering directory '/home/ost/git/web-game/build/Debug/CMakeFiles/CMakeTmp'
Building C object CMakeFiles/cmTC_9da21.dir/src.c.o
/usr/lib64/ccache/cc   -DHAVE_USBHID   -o CMakeFiles/cmTC_9da21.dir/src.c.o   -c /home/ost/git/web-game/build/Debug/CMakeFiles/CMakeTmp/src.c
/home/ost/git/web-game/build/Debug/CMakeFiles/CMakeTmp/src.c:10:34: fatal error: dev/usb/usb.h: No such file or directory
         # include <dev/usb/usb.h>
                                  ^
compilation terminated.
CMakeFiles/cmTC_9da21.dir/build.make:65: recipe for target 'CMakeFiles/cmTC_9da21.dir/src.c.o' failed
gmake[1]: *** [CMakeFiles/cmTC_9da21.dir/src.c.o] Error 1
gmake[1]: Leaving directory '/home/ost/git/web-game/build/Debug/CMakeFiles/CMakeTmp'
Makefile:126: recipe for target 'cmTC_9da21/fast' failed
gmake: *** [cmTC_9da21/fast] Error 2

Source file was:

       #include <sys/types.h>
        #if defined(HAVE_USB_H)
        #include <usb.h>
        #endif
        #ifdef __DragonFly__
        # include <bus/usb/usb.h>
        # include <bus/usb/usbhid.h>
        #else
        # include <dev/usb/usb.h>
        # include <dev/usb/usbhid.h>
        #endif
        #if defined(HAVE_USBHID_H)
        #include <usbhid.h>
        #elif defined(HAVE_LIBUSB_H)
        #include <libusb.h>
        #elif defined(HAVE_LIBUSBHID_H)
        #include <libusbhid.h>
        #endif
        int main(int argc, char **argv) {
          struct report_desc *repdesc;
          struct usb_ctl_report *repbuf;
          hid_kind_t hidkind;
          return 0;
        }
Performing C SOURCE FILE Test HAVE_PTHREAD_NP_H failed with the following output:
Change Dir: /home/ost/git/web-game/build/Debug/CMakeFiles/CMakeTmp

Run Build Command:"/usr/bin/gmake" "cmTC_ff358/fast"
/usr/bin/gmake -f CMakeFiles/cmTC_ff358.dir/build.make CMakeFiles/cmTC_ff358.dir/build
gmake[1]: Entering directory '/home/ost/git/web-game/build/Debug/CMakeFiles/CMakeTmp'
Building C object CMakeFiles/cmTC_ff358.dir/src.c.o
/usr/lib64/ccache/cc   -DHAVE_PTHREAD_NP_H   -D_REENTRANT -pthread   -o CMakeFiles/cmTC_ff358.dir/src.c.o   -c /home/ost/git/web-game/build/Debug/CMakeFiles/CMakeTmp/src.c
/home/ost/git/web-game/build/Debug/CMakeFiles/CMakeTmp/src.c:3:34: fatal error: pthread_np.h: No such file or directory
           #include <pthread_np.h>
                                  ^
compilation terminated.
CMakeFiles/cmTC_ff358.dir/build.make:65: recipe for target 'CMakeFiles/cmTC_ff358.dir/src.c.o' failed
gmake[1]: *** [CMakeFiles/cmTC_ff358.dir/src.c.o] Error 1
gmake[1]: Leaving directory '/home/ost/git/web-game/build/Debug/CMakeFiles/CMakeTmp'
Makefile:126: recipe for target 'cmTC_ff358/fast' failed
gmake: *** [cmTC_ff358/fast] Error 2

Source file was:

          #include <pthread.h>
          #include <pthread_np.h>
          int main(int argc, char** argv) { return 0; }
Determining if the function pthread_set_name_np exists failed with the following output:
Change Dir: /home/ost/git/web-game/build/Debug/CMakeFiles/CMakeTmp

Run Build Command:"/usr/bin/gmake" "cmTC_d392d/fast"
/usr/bin/gmake -f CMakeFiles/cmTC_d392d.dir/build.make CMakeFiles/cmTC_d392d.dir/build
gmake[1]: Entering directory '/home/ost/git/web-game/build/Debug/CMakeFiles/CMakeTmp'
Building C object CMakeFiles/cmTC_d392d.dir/CheckFunctionExists.c.o
/usr/lib64/ccache/cc   -DCHECK_FUNCTION_EXISTS=pthread_set_name_np   -D_REENTRANT -pthread   -o CMakeFiles/cmTC_d392d.dir/CheckFunctionExists.c.o   -c /usr/share/cmake/Modules/CheckFunctionExists.c
Linking C executable cmTC_d392d
/usr/bin/cmake -E cmake_link_script CMakeFiles/cmTC_d392d.dir/link.txt --verbose=1
/usr/lib64/ccache/cc  -DCHECK_FUNCTION_EXISTS=pthread_set_name_np   -D_REENTRANT -pthread    -rdynamic CMakeFiles/cmTC_d392d.dir/CheckFunctionExists.c.o  -o cmTC_d392d 
CMakeFiles/cmTC_d392d.dir/CheckFunctionExists.c.o: In function `main':
CheckFunctionExists.c:(.text+0x10): undefined reference to `pthread_set_name_np'
collect2: error: ld returned 1 exit status
CMakeFiles/cmTC_d392d.dir/build.make:97: recipe for target 'cmTC_d392d' failed
gmake[1]: *** [cmTC_d392d] Error 1
gmake[1]: Leaving directory '/home/ost/git/web-game/build/Debug/CMakeFiles/CMakeTmp'
Makefile:126: recipe for target 'cmTC_d392d/fast' failed
gmake: *** [cmTC_d392d/fast] Error 2


