Performing C SOURCE FILE Test HAVE_GCC_PREFERRED_STACK_BOUNDARY failed with the following output:
Change Dir: /home/ost/git/web-game/build/Default/CMakeFiles/CMakeTmp

Run Build Command:"/usr/bin/gmake" "cmTC_cf1b4/fast"
/usr/bin/gmake -f CMakeFiles/cmTC_cf1b4.dir/build.make CMakeFiles/cmTC_cf1b4.dir/build
gmake[1]: Entering directory '/home/ost/git/web-game/build/Default/CMakeFiles/CMakeTmp'
Building C object CMakeFiles/cmTC_cf1b4.dir/src.c.o
/usr/lib64/ccache/cc   -g -O3 -DHAVE_GCC_PREFERRED_STACK_BOUNDARY -mpreferred-stack-boundary=2   -o CMakeFiles/cmTC_cf1b4.dir/src.c.o   -c /home/ost/git/web-game/build/Default/CMakeFiles/CMakeTmp/src.c
/home/ost/git/web-game/build/Default/CMakeFiles/CMakeTmp/src.c:1:0: error: -mpreferred-stack-boundary=2 is not between 4 and 12
 int x = 0; int main(int argc, char **argv) {}
 
CMakeFiles/cmTC_cf1b4.dir/build.make:65: recipe for target 'CMakeFiles/cmTC_cf1b4.dir/src.c.o' failed
gmake[1]: *** [CMakeFiles/cmTC_cf1b4.dir/src.c.o] Error 1
gmake[1]: Leaving directory '/home/ost/git/web-game/build/Default/CMakeFiles/CMakeTmp'
Makefile:126: recipe for target 'cmTC_cf1b4/fast' failed
gmake: *** [cmTC_cf1b4/fast] Error 2

Source file was:
int x = 0; int main(int argc, char **argv) {}
Performing C SOURCE FILE Test HAVE_ALTIVEC_H_HDR failed with the following output:
Change Dir: /home/ost/git/web-game/build/Default/CMakeFiles/CMakeTmp

Run Build Command:"/usr/bin/gmake" "cmTC_d5699/fast"
/usr/bin/gmake -f CMakeFiles/cmTC_d5699.dir/build.make CMakeFiles/cmTC_d5699.dir/build
gmake[1]: Entering directory '/home/ost/git/web-game/build/Default/CMakeFiles/CMakeTmp'
Building C object CMakeFiles/cmTC_d5699.dir/src.c.o
/usr/lib64/ccache/cc   -g -O3 -DHAVE_ALTIVEC_H_HDR -maltivec   -o CMakeFiles/cmTC_d5699.dir/src.c.o   -c /home/ost/git/web-game/build/Default/CMakeFiles/CMakeTmp/src.c
cc: error: unrecognized command line option ‘-maltivec’; did you mean ‘-mglibc’?
CMakeFiles/cmTC_d5699.dir/build.make:65: recipe for target 'CMakeFiles/cmTC_d5699.dir/src.c.o' failed
gmake[1]: *** [CMakeFiles/cmTC_d5699.dir/src.c.o] Error 1
gmake[1]: Leaving directory '/home/ost/git/web-game/build/Default/CMakeFiles/CMakeTmp'
Makefile:126: recipe for target 'cmTC_d5699/fast' failed
gmake: *** [cmTC_d5699/fast] Error 2

Source file was:

          #include <altivec.h>
          vector unsigned int vzero() {
              return vec_splat_u32(0);
          }
          int main(int argc, char **argv) { }
Performing C SOURCE FILE Test HAVE_ALTIVEC failed with the following output:
Change Dir: /home/ost/git/web-game/build/Default/CMakeFiles/CMakeTmp

Run Build Command:"/usr/bin/gmake" "cmTC_9b915/fast"
/usr/bin/gmake -f CMakeFiles/cmTC_9b915.dir/build.make CMakeFiles/cmTC_9b915.dir/build
gmake[1]: Entering directory '/home/ost/git/web-game/build/Default/CMakeFiles/CMakeTmp'
Building C object CMakeFiles/cmTC_9b915.dir/src.c.o
/usr/lib64/ccache/cc   -g -O3 -DHAVE_ALTIVEC -maltivec   -o CMakeFiles/cmTC_9b915.dir/src.c.o   -c /home/ost/git/web-game/build/Default/CMakeFiles/CMakeTmp/src.c
cc: error: unrecognized command line option ‘-maltivec’; did you mean ‘-mglibc’?
CMakeFiles/cmTC_9b915.dir/build.make:65: recipe for target 'CMakeFiles/cmTC_9b915.dir/src.c.o' failed
gmake[1]: *** [CMakeFiles/cmTC_9b915.dir/src.c.o] Error 1
gmake[1]: Leaving directory '/home/ost/git/web-game/build/Default/CMakeFiles/CMakeTmp'
Makefile:126: recipe for target 'cmTC_9b915/fast' failed
gmake: *** [cmTC_9b915/fast] Error 2

Source file was:

          vector unsigned int vzero() {
              return vec_splat_u32(0);
          }
          int main(int argc, char **argv) { }
Determining if the function strlcpy exists failed with the following output:
Change Dir: /home/ost/git/web-game/build/Default/CMakeFiles/CMakeTmp

Run Build Command:"/usr/bin/gmake" "cmTC_1f18e/fast"
/usr/bin/gmake -f CMakeFiles/cmTC_1f18e.dir/build.make CMakeFiles/cmTC_1f18e.dir/build
gmake[1]: Entering directory '/home/ost/git/web-game/build/Default/CMakeFiles/CMakeTmp'
Building C object CMakeFiles/cmTC_1f18e.dir/CheckFunctionExists.c.o
/usr/lib64/ccache/cc   -g -O3 -DCHECK_FUNCTION_EXISTS=strlcpy   -o CMakeFiles/cmTC_1f18e.dir/CheckFunctionExists.c.o   -c /usr/share/cmake/Modules/CheckFunctionExists.c
Linking C executable cmTC_1f18e
/usr/bin/cmake -E cmake_link_script CMakeFiles/cmTC_1f18e.dir/link.txt --verbose=1
/usr/lib64/ccache/cc -g -O3 -DCHECK_FUNCTION_EXISTS=strlcpy    -rdynamic CMakeFiles/cmTC_1f18e.dir/CheckFunctionExists.c.o  -o cmTC_1f18e 
CMakeFiles/cmTC_1f18e.dir/CheckFunctionExists.c.o: In function `main':
/usr/share/cmake/Modules/CheckFunctionExists.c:17: undefined reference to `strlcpy'
collect2: error: ld returned 1 exit status
CMakeFiles/cmTC_1f18e.dir/build.make:97: recipe for target 'cmTC_1f18e' failed
gmake[1]: *** [cmTC_1f18e] Error 1
gmake[1]: Leaving directory '/home/ost/git/web-game/build/Default/CMakeFiles/CMakeTmp'
Makefile:126: recipe for target 'cmTC_1f18e/fast' failed
gmake: *** [cmTC_1f18e/fast] Error 2


Determining if the function strlcat exists failed with the following output:
Change Dir: /home/ost/git/web-game/build/Default/CMakeFiles/CMakeTmp

Run Build Command:"/usr/bin/gmake" "cmTC_f8d89/fast"
/usr/bin/gmake -f CMakeFiles/cmTC_f8d89.dir/build.make CMakeFiles/cmTC_f8d89.dir/build
gmake[1]: Entering directory '/home/ost/git/web-game/build/Default/CMakeFiles/CMakeTmp'
Building C object CMakeFiles/cmTC_f8d89.dir/CheckFunctionExists.c.o
/usr/lib64/ccache/cc   -g -O3 -DCHECK_FUNCTION_EXISTS=strlcat   -o CMakeFiles/cmTC_f8d89.dir/CheckFunctionExists.c.o   -c /usr/share/cmake/Modules/CheckFunctionExists.c
Linking C executable cmTC_f8d89
/usr/bin/cmake -E cmake_link_script CMakeFiles/cmTC_f8d89.dir/link.txt --verbose=1
/usr/lib64/ccache/cc -g -O3 -DCHECK_FUNCTION_EXISTS=strlcat    -rdynamic CMakeFiles/cmTC_f8d89.dir/CheckFunctionExists.c.o  -o cmTC_f8d89 
CMakeFiles/cmTC_f8d89.dir/CheckFunctionExists.c.o: In function `main':
/usr/share/cmake/Modules/CheckFunctionExists.c:17: undefined reference to `strlcat'
collect2: error: ld returned 1 exit status
CMakeFiles/cmTC_f8d89.dir/build.make:97: recipe for target 'cmTC_f8d89' failed
gmake[1]: *** [cmTC_f8d89] Error 1
gmake[1]: Leaving directory '/home/ost/git/web-game/build/Default/CMakeFiles/CMakeTmp'
Makefile:126: recipe for target 'cmTC_f8d89/fast' failed
gmake: *** [cmTC_f8d89/fast] Error 2


Determining if the function _strrev exists failed with the following output:
Change Dir: /home/ost/git/web-game/build/Default/CMakeFiles/CMakeTmp

Run Build Command:"/usr/bin/gmake" "cmTC_4439b/fast"
/usr/bin/gmake -f CMakeFiles/cmTC_4439b.dir/build.make CMakeFiles/cmTC_4439b.dir/build
gmake[1]: Entering directory '/home/ost/git/web-game/build/Default/CMakeFiles/CMakeTmp'
Building C object CMakeFiles/cmTC_4439b.dir/CheckFunctionExists.c.o
/usr/lib64/ccache/cc   -g -O3 -DCHECK_FUNCTION_EXISTS=_strrev   -o CMakeFiles/cmTC_4439b.dir/CheckFunctionExists.c.o   -c /usr/share/cmake/Modules/CheckFunctionExists.c
Linking C executable cmTC_4439b
/usr/bin/cmake -E cmake_link_script CMakeFiles/cmTC_4439b.dir/link.txt --verbose=1
/usr/lib64/ccache/cc -g -O3 -DCHECK_FUNCTION_EXISTS=_strrev    -rdynamic CMakeFiles/cmTC_4439b.dir/CheckFunctionExists.c.o  -o cmTC_4439b 
CMakeFiles/cmTC_4439b.dir/CheckFunctionExists.c.o: In function `main':
/usr/share/cmake/Modules/CheckFunctionExists.c:17: undefined reference to `_strrev'
collect2: error: ld returned 1 exit status
CMakeFiles/cmTC_4439b.dir/build.make:97: recipe for target 'cmTC_4439b' failed
gmake[1]: *** [cmTC_4439b] Error 1
gmake[1]: Leaving directory '/home/ost/git/web-game/build/Default/CMakeFiles/CMakeTmp'
Makefile:126: recipe for target 'cmTC_4439b/fast' failed
gmake: *** [cmTC_4439b/fast] Error 2


Determining if the function _strupr exists failed with the following output:
Change Dir: /home/ost/git/web-game/build/Default/CMakeFiles/CMakeTmp

Run Build Command:"/usr/bin/gmake" "cmTC_14c6c/fast"
/usr/bin/gmake -f CMakeFiles/cmTC_14c6c.dir/build.make CMakeFiles/cmTC_14c6c.dir/build
gmake[1]: Entering directory '/home/ost/git/web-game/build/Default/CMakeFiles/CMakeTmp'
Building C object CMakeFiles/cmTC_14c6c.dir/CheckFunctionExists.c.o
/usr/lib64/ccache/cc   -g -O3 -DCHECK_FUNCTION_EXISTS=_strupr   -o CMakeFiles/cmTC_14c6c.dir/CheckFunctionExists.c.o   -c /usr/share/cmake/Modules/CheckFunctionExists.c
Linking C executable cmTC_14c6c
/usr/bin/cmake -E cmake_link_script CMakeFiles/cmTC_14c6c.dir/link.txt --verbose=1
/usr/lib64/ccache/cc -g -O3 -DCHECK_FUNCTION_EXISTS=_strupr    -rdynamic CMakeFiles/cmTC_14c6c.dir/CheckFunctionExists.c.o  -o cmTC_14c6c 
CMakeFiles/cmTC_14c6c.dir/CheckFunctionExists.c.o: In function `main':
/usr/share/cmake/Modules/CheckFunctionExists.c:17: undefined reference to `_strupr'
collect2: error: ld returned 1 exit status
CMakeFiles/cmTC_14c6c.dir/build.make:97: recipe for target 'cmTC_14c6c' failed
gmake[1]: *** [cmTC_14c6c] Error 1
gmake[1]: Leaving directory '/home/ost/git/web-game/build/Default/CMakeFiles/CMakeTmp'
Makefile:126: recipe for target 'cmTC_14c6c/fast' failed
gmake: *** [cmTC_14c6c/fast] Error 2


Determining if the function _strlwr exists failed with the following output:
Change Dir: /home/ost/git/web-game/build/Default/CMakeFiles/CMakeTmp

Run Build Command:"/usr/bin/gmake" "cmTC_96ef1/fast"
/usr/bin/gmake -f CMakeFiles/cmTC_96ef1.dir/build.make CMakeFiles/cmTC_96ef1.dir/build
gmake[1]: Entering directory '/home/ost/git/web-game/build/Default/CMakeFiles/CMakeTmp'
Building C object CMakeFiles/cmTC_96ef1.dir/CheckFunctionExists.c.o
/usr/lib64/ccache/cc   -g -O3 -DCHECK_FUNCTION_EXISTS=_strlwr   -o CMakeFiles/cmTC_96ef1.dir/CheckFunctionExists.c.o   -c /usr/share/cmake/Modules/CheckFunctionExists.c
Linking C executable cmTC_96ef1
/usr/bin/cmake -E cmake_link_script CMakeFiles/cmTC_96ef1.dir/link.txt --verbose=1
/usr/lib64/ccache/cc -g -O3 -DCHECK_FUNCTION_EXISTS=_strlwr    -rdynamic CMakeFiles/cmTC_96ef1.dir/CheckFunctionExists.c.o  -o cmTC_96ef1 
CMakeFiles/cmTC_96ef1.dir/CheckFunctionExists.c.o: In function `main':
/usr/share/cmake/Modules/CheckFunctionExists.c:17: undefined reference to `_strlwr'
collect2: error: ld returned 1 exit status
CMakeFiles/cmTC_96ef1.dir/build.make:97: recipe for target 'cmTC_96ef1' failed
gmake[1]: *** [cmTC_96ef1] Error 1
gmake[1]: Leaving directory '/home/ost/git/web-game/build/Default/CMakeFiles/CMakeTmp'
Makefile:126: recipe for target 'cmTC_96ef1/fast' failed
gmake: *** [cmTC_96ef1/fast] Error 2


Determining if the function itoa exists failed with the following output:
Change Dir: /home/ost/git/web-game/build/Default/CMakeFiles/CMakeTmp

Run Build Command:"/usr/bin/gmake" "cmTC_b88a0/fast"
/usr/bin/gmake -f CMakeFiles/cmTC_b88a0.dir/build.make CMakeFiles/cmTC_b88a0.dir/build
gmake[1]: Entering directory '/home/ost/git/web-game/build/Default/CMakeFiles/CMakeTmp'
Building C object CMakeFiles/cmTC_b88a0.dir/CheckFunctionExists.c.o
/usr/lib64/ccache/cc   -g -O3 -DCHECK_FUNCTION_EXISTS=itoa   -o CMakeFiles/cmTC_b88a0.dir/CheckFunctionExists.c.o   -c /usr/share/cmake/Modules/CheckFunctionExists.c
Linking C executable cmTC_b88a0
/usr/bin/cmake -E cmake_link_script CMakeFiles/cmTC_b88a0.dir/link.txt --verbose=1
/usr/lib64/ccache/cc -g -O3 -DCHECK_FUNCTION_EXISTS=itoa    -rdynamic CMakeFiles/cmTC_b88a0.dir/CheckFunctionExists.c.o  -o cmTC_b88a0 
CMakeFiles/cmTC_b88a0.dir/CheckFunctionExists.c.o: In function `main':
/usr/share/cmake/Modules/CheckFunctionExists.c:17: undefined reference to `itoa'
collect2: error: ld returned 1 exit status
CMakeFiles/cmTC_b88a0.dir/build.make:97: recipe for target 'cmTC_b88a0' failed
gmake[1]: *** [cmTC_b88a0] Error 1
gmake[1]: Leaving directory '/home/ost/git/web-game/build/Default/CMakeFiles/CMakeTmp'
Makefile:126: recipe for target 'cmTC_b88a0/fast' failed
gmake: *** [cmTC_b88a0/fast] Error 2


Determining if the function _ltoa exists failed with the following output:
Change Dir: /home/ost/git/web-game/build/Default/CMakeFiles/CMakeTmp

Run Build Command:"/usr/bin/gmake" "cmTC_dcbcd/fast"
/usr/bin/gmake -f CMakeFiles/cmTC_dcbcd.dir/build.make CMakeFiles/cmTC_dcbcd.dir/build
gmake[1]: Entering directory '/home/ost/git/web-game/build/Default/CMakeFiles/CMakeTmp'
Building C object CMakeFiles/cmTC_dcbcd.dir/CheckFunctionExists.c.o
/usr/lib64/ccache/cc   -g -O3 -DCHECK_FUNCTION_EXISTS=_ltoa   -o CMakeFiles/cmTC_dcbcd.dir/CheckFunctionExists.c.o   -c /usr/share/cmake/Modules/CheckFunctionExists.c
Linking C executable cmTC_dcbcd
/usr/bin/cmake -E cmake_link_script CMakeFiles/cmTC_dcbcd.dir/link.txt --verbose=1
/usr/lib64/ccache/cc -g -O3 -DCHECK_FUNCTION_EXISTS=_ltoa    -rdynamic CMakeFiles/cmTC_dcbcd.dir/CheckFunctionExists.c.o  -o cmTC_dcbcd 
CMakeFiles/cmTC_dcbcd.dir/CheckFunctionExists.c.o: In function `main':
/usr/share/cmake/Modules/CheckFunctionExists.c:17: undefined reference to `_ltoa'
collect2: error: ld returned 1 exit status
CMakeFiles/cmTC_dcbcd.dir/build.make:97: recipe for target 'cmTC_dcbcd' failed
gmake[1]: *** [cmTC_dcbcd] Error 1
gmake[1]: Leaving directory '/home/ost/git/web-game/build/Default/CMakeFiles/CMakeTmp'
Makefile:126: recipe for target 'cmTC_dcbcd/fast' failed
gmake: *** [cmTC_dcbcd/fast] Error 2


Determining if the function _uitoa exists failed with the following output:
Change Dir: /home/ost/git/web-game/build/Default/CMakeFiles/CMakeTmp

Run Build Command:"/usr/bin/gmake" "cmTC_81b36/fast"
/usr/bin/gmake -f CMakeFiles/cmTC_81b36.dir/build.make CMakeFiles/cmTC_81b36.dir/build
gmake[1]: Entering directory '/home/ost/git/web-game/build/Default/CMakeFiles/CMakeTmp'
Building C object CMakeFiles/cmTC_81b36.dir/CheckFunctionExists.c.o
/usr/lib64/ccache/cc   -g -O3 -DCHECK_FUNCTION_EXISTS=_uitoa   -o CMakeFiles/cmTC_81b36.dir/CheckFunctionExists.c.o   -c /usr/share/cmake/Modules/CheckFunctionExists.c
Linking C executable cmTC_81b36
/usr/bin/cmake -E cmake_link_script CMakeFiles/cmTC_81b36.dir/link.txt --verbose=1
/usr/lib64/ccache/cc -g -O3 -DCHECK_FUNCTION_EXISTS=_uitoa    -rdynamic CMakeFiles/cmTC_81b36.dir/CheckFunctionExists.c.o  -o cmTC_81b36 
CMakeFiles/cmTC_81b36.dir/CheckFunctionExists.c.o: In function `main':
/usr/share/cmake/Modules/CheckFunctionExists.c:17: undefined reference to `_uitoa'
collect2: error: ld returned 1 exit status
CMakeFiles/cmTC_81b36.dir/build.make:97: recipe for target 'cmTC_81b36' failed
gmake[1]: *** [cmTC_81b36] Error 1
gmake[1]: Leaving directory '/home/ost/git/web-game/build/Default/CMakeFiles/CMakeTmp'
Makefile:126: recipe for target 'cmTC_81b36/fast' failed
gmake: *** [cmTC_81b36/fast] Error 2


Determining if the function _ultoa exists failed with the following output:
Change Dir: /home/ost/git/web-game/build/Default/CMakeFiles/CMakeTmp

Run Build Command:"/usr/bin/gmake" "cmTC_23c33/fast"
/usr/bin/gmake -f CMakeFiles/cmTC_23c33.dir/build.make CMakeFiles/cmTC_23c33.dir/build
gmake[1]: Entering directory '/home/ost/git/web-game/build/Default/CMakeFiles/CMakeTmp'
Building C object CMakeFiles/cmTC_23c33.dir/CheckFunctionExists.c.o
/usr/lib64/ccache/cc   -g -O3 -DCHECK_FUNCTION_EXISTS=_ultoa   -o CMakeFiles/cmTC_23c33.dir/CheckFunctionExists.c.o   -c /usr/share/cmake/Modules/CheckFunctionExists.c
Linking C executable cmTC_23c33
/usr/bin/cmake -E cmake_link_script CMakeFiles/cmTC_23c33.dir/link.txt --verbose=1
/usr/lib64/ccache/cc -g -O3 -DCHECK_FUNCTION_EXISTS=_ultoa    -rdynamic CMakeFiles/cmTC_23c33.dir/CheckFunctionExists.c.o  -o cmTC_23c33 
CMakeFiles/cmTC_23c33.dir/CheckFunctionExists.c.o: In function `main':
/usr/share/cmake/Modules/CheckFunctionExists.c:17: undefined reference to `_ultoa'
collect2: error: ld returned 1 exit status
CMakeFiles/cmTC_23c33.dir/build.make:97: recipe for target 'cmTC_23c33' failed
gmake[1]: *** [cmTC_23c33] Error 1
gmake[1]: Leaving directory '/home/ost/git/web-game/build/Default/CMakeFiles/CMakeTmp'
Makefile:126: recipe for target 'cmTC_23c33/fast' failed
gmake: *** [cmTC_23c33/fast] Error 2


Determining if the function _i64toa exists failed with the following output:
Change Dir: /home/ost/git/web-game/build/Default/CMakeFiles/CMakeTmp

Run Build Command:"/usr/bin/gmake" "cmTC_0c878/fast"
/usr/bin/gmake -f CMakeFiles/cmTC_0c878.dir/build.make CMakeFiles/cmTC_0c878.dir/build
gmake[1]: Entering directory '/home/ost/git/web-game/build/Default/CMakeFiles/CMakeTmp'
Building C object CMakeFiles/cmTC_0c878.dir/CheckFunctionExists.c.o
/usr/lib64/ccache/cc   -g -O3 -DCHECK_FUNCTION_EXISTS=_i64toa   -o CMakeFiles/cmTC_0c878.dir/CheckFunctionExists.c.o   -c /usr/share/cmake/Modules/CheckFunctionExists.c
Linking C executable cmTC_0c878
/usr/bin/cmake -E cmake_link_script CMakeFiles/cmTC_0c878.dir/link.txt --verbose=1
/usr/lib64/ccache/cc -g -O3 -DCHECK_FUNCTION_EXISTS=_i64toa    -rdynamic CMakeFiles/cmTC_0c878.dir/CheckFunctionExists.c.o  -o cmTC_0c878 
CMakeFiles/cmTC_0c878.dir/CheckFunctionExists.c.o: In function `main':
/usr/share/cmake/Modules/CheckFunctionExists.c:17: undefined reference to `_i64toa'
collect2: error: ld returned 1 exit status
CMakeFiles/cmTC_0c878.dir/build.make:97: recipe for target 'cmTC_0c878' failed
gmake[1]: *** [cmTC_0c878] Error 1
gmake[1]: Leaving directory '/home/ost/git/web-game/build/Default/CMakeFiles/CMakeTmp'
Makefile:126: recipe for target 'cmTC_0c878/fast' failed
gmake: *** [cmTC_0c878/fast] Error 2


Determining if the function _ui64toa exists failed with the following output:
Change Dir: /home/ost/git/web-game/build/Default/CMakeFiles/CMakeTmp

Run Build Command:"/usr/bin/gmake" "cmTC_28054/fast"
/usr/bin/gmake -f CMakeFiles/cmTC_28054.dir/build.make CMakeFiles/cmTC_28054.dir/build
gmake[1]: Entering directory '/home/ost/git/web-game/build/Default/CMakeFiles/CMakeTmp'
Building C object CMakeFiles/cmTC_28054.dir/CheckFunctionExists.c.o
/usr/lib64/ccache/cc   -g -O3 -DCHECK_FUNCTION_EXISTS=_ui64toa   -o CMakeFiles/cmTC_28054.dir/CheckFunctionExists.c.o   -c /usr/share/cmake/Modules/CheckFunctionExists.c
Linking C executable cmTC_28054
/usr/bin/cmake -E cmake_link_script CMakeFiles/cmTC_28054.dir/link.txt --verbose=1
/usr/lib64/ccache/cc -g -O3 -DCHECK_FUNCTION_EXISTS=_ui64toa    -rdynamic CMakeFiles/cmTC_28054.dir/CheckFunctionExists.c.o  -o cmTC_28054 
CMakeFiles/cmTC_28054.dir/CheckFunctionExists.c.o: In function `main':
/usr/share/cmake/Modules/CheckFunctionExists.c:17: undefined reference to `_ui64toa'
collect2: error: ld returned 1 exit status
CMakeFiles/cmTC_28054.dir/build.make:97: recipe for target 'cmTC_28054' failed
gmake[1]: *** [cmTC_28054] Error 1
gmake[1]: Leaving directory '/home/ost/git/web-game/build/Default/CMakeFiles/CMakeTmp'
Makefile:126: recipe for target 'cmTC_28054/fast' failed
gmake: *** [cmTC_28054/fast] Error 2


Determining if the function _stricmp exists failed with the following output:
Change Dir: /home/ost/git/web-game/build/Default/CMakeFiles/CMakeTmp

Run Build Command:"/usr/bin/gmake" "cmTC_1f55a/fast"
/usr/bin/gmake -f CMakeFiles/cmTC_1f55a.dir/build.make CMakeFiles/cmTC_1f55a.dir/build
gmake[1]: Entering directory '/home/ost/git/web-game/build/Default/CMakeFiles/CMakeTmp'
Building C object CMakeFiles/cmTC_1f55a.dir/CheckFunctionExists.c.o
/usr/lib64/ccache/cc   -g -O3 -DCHECK_FUNCTION_EXISTS=_stricmp   -o CMakeFiles/cmTC_1f55a.dir/CheckFunctionExists.c.o   -c /usr/share/cmake/Modules/CheckFunctionExists.c
Linking C executable cmTC_1f55a
/usr/bin/cmake -E cmake_link_script CMakeFiles/cmTC_1f55a.dir/link.txt --verbose=1
/usr/lib64/ccache/cc -g -O3 -DCHECK_FUNCTION_EXISTS=_stricmp    -rdynamic CMakeFiles/cmTC_1f55a.dir/CheckFunctionExists.c.o  -o cmTC_1f55a 
CMakeFiles/cmTC_1f55a.dir/CheckFunctionExists.c.o: In function `main':
/usr/share/cmake/Modules/CheckFunctionExists.c:17: undefined reference to `_stricmp'
collect2: error: ld returned 1 exit status
CMakeFiles/cmTC_1f55a.dir/build.make:97: recipe for target 'cmTC_1f55a' failed
gmake[1]: *** [cmTC_1f55a] Error 1
gmake[1]: Leaving directory '/home/ost/git/web-game/build/Default/CMakeFiles/CMakeTmp'
Makefile:126: recipe for target 'cmTC_1f55a/fast' failed
gmake: *** [cmTC_1f55a/fast] Error 2


Determining if the function _strnicmp exists failed with the following output:
Change Dir: /home/ost/git/web-game/build/Default/CMakeFiles/CMakeTmp

Run Build Command:"/usr/bin/gmake" "cmTC_34d58/fast"
/usr/bin/gmake -f CMakeFiles/cmTC_34d58.dir/build.make CMakeFiles/cmTC_34d58.dir/build
gmake[1]: Entering directory '/home/ost/git/web-game/build/Default/CMakeFiles/CMakeTmp'
Building C object CMakeFiles/cmTC_34d58.dir/CheckFunctionExists.c.o
/usr/lib64/ccache/cc   -g -O3 -DCHECK_FUNCTION_EXISTS=_strnicmp   -o CMakeFiles/cmTC_34d58.dir/CheckFunctionExists.c.o   -c /usr/share/cmake/Modules/CheckFunctionExists.c
Linking C executable cmTC_34d58
/usr/bin/cmake -E cmake_link_script CMakeFiles/cmTC_34d58.dir/link.txt --verbose=1
/usr/lib64/ccache/cc -g -O3 -DCHECK_FUNCTION_EXISTS=_strnicmp    -rdynamic CMakeFiles/cmTC_34d58.dir/CheckFunctionExists.c.o  -o cmTC_34d58 
CMakeFiles/cmTC_34d58.dir/CheckFunctionExists.c.o: In function `main':
/usr/share/cmake/Modules/CheckFunctionExists.c:17: undefined reference to `_strnicmp'
collect2: error: ld returned 1 exit status
CMakeFiles/cmTC_34d58.dir/build.make:97: recipe for target 'cmTC_34d58' failed
gmake[1]: *** [cmTC_34d58] Error 1
gmake[1]: Leaving directory '/home/ost/git/web-game/build/Default/CMakeFiles/CMakeTmp'
Makefile:126: recipe for target 'cmTC_34d58/fast' failed
gmake: *** [cmTC_34d58/fast] Error 2


Determining if the function sysctlbyname exists failed with the following output:
Change Dir: /home/ost/git/web-game/build/Default/CMakeFiles/CMakeTmp

Run Build Command:"/usr/bin/gmake" "cmTC_3fa0b/fast"
/usr/bin/gmake -f CMakeFiles/cmTC_3fa0b.dir/build.make CMakeFiles/cmTC_3fa0b.dir/build
gmake[1]: Entering directory '/home/ost/git/web-game/build/Default/CMakeFiles/CMakeTmp'
Building C object CMakeFiles/cmTC_3fa0b.dir/CheckFunctionExists.c.o
/usr/lib64/ccache/cc   -g -O3 -DCHECK_FUNCTION_EXISTS=sysctlbyname   -o CMakeFiles/cmTC_3fa0b.dir/CheckFunctionExists.c.o   -c /usr/share/cmake/Modules/CheckFunctionExists.c
Linking C executable cmTC_3fa0b
/usr/bin/cmake -E cmake_link_script CMakeFiles/cmTC_3fa0b.dir/link.txt --verbose=1
/usr/lib64/ccache/cc -g -O3 -DCHECK_FUNCTION_EXISTS=sysctlbyname    -rdynamic CMakeFiles/cmTC_3fa0b.dir/CheckFunctionExists.c.o  -o cmTC_3fa0b 
CMakeFiles/cmTC_3fa0b.dir/CheckFunctionExists.c.o: In function `main':
/usr/share/cmake/Modules/CheckFunctionExists.c:17: undefined reference to `sysctlbyname'
collect2: error: ld returned 1 exit status
CMakeFiles/cmTC_3fa0b.dir/build.make:97: recipe for target 'cmTC_3fa0b' failed
gmake[1]: *** [cmTC_3fa0b] Error 1
gmake[1]: Leaving directory '/home/ost/git/web-game/build/Default/CMakeFiles/CMakeTmp'
Makefile:126: recipe for target 'cmTC_3fa0b/fast' failed
gmake: *** [cmTC_3fa0b/fast] Error 2


Determining if the function iconv_open exists in the iconv failed with the following output:
Change Dir: /home/ost/git/web-game/build/Default/CMakeFiles/CMakeTmp

Run Build Command:"/usr/bin/gmake" "cmTC_331c1/fast"
/usr/bin/gmake -f CMakeFiles/cmTC_331c1.dir/build.make CMakeFiles/cmTC_331c1.dir/build
gmake[1]: Entering directory '/home/ost/git/web-game/build/Default/CMakeFiles/CMakeTmp'
Building C object CMakeFiles/cmTC_331c1.dir/CheckFunctionExists.c.o
/usr/lib64/ccache/cc   -g -O3 -DCHECK_FUNCTION_EXISTS=iconv_open   -o CMakeFiles/cmTC_331c1.dir/CheckFunctionExists.c.o   -c /usr/share/cmake/Modules/CheckFunctionExists.c
Linking C executable cmTC_331c1
/usr/bin/cmake -E cmake_link_script CMakeFiles/cmTC_331c1.dir/link.txt --verbose=1
/usr/lib64/ccache/cc -g -O3 -DCHECK_FUNCTION_EXISTS=iconv_open    -rdynamic CMakeFiles/cmTC_331c1.dir/CheckFunctionExists.c.o  -o cmTC_331c1 -liconv 
/usr/bin/ld: cannot find -liconv
collect2: error: ld returned 1 exit status
CMakeFiles/cmTC_331c1.dir/build.make:97: recipe for target 'cmTC_331c1' failed
gmake[1]: *** [cmTC_331c1] Error 1
gmake[1]: Leaving directory '/home/ost/git/web-game/build/Default/CMakeFiles/CMakeTmp'
Makefile:126: recipe for target 'cmTC_331c1/fast' failed
gmake: *** [cmTC_331c1/fast] Error 2


Determining if the function alloca exists failed with the following output:
Change Dir: /home/ost/git/web-game/build/Default/CMakeFiles/CMakeTmp

Run Build Command:"/usr/bin/gmake" "cmTC_cbb39/fast"
/usr/bin/gmake -f CMakeFiles/cmTC_cbb39.dir/build.make CMakeFiles/cmTC_cbb39.dir/build
gmake[1]: Entering directory '/home/ost/git/web-game/build/Default/CMakeFiles/CMakeTmp'
Building C object CMakeFiles/cmTC_cbb39.dir/CheckFunctionExists.c.o
/usr/lib64/ccache/cc   -g -O3 -DCHECK_FUNCTION_EXISTS=alloca   -o CMakeFiles/cmTC_cbb39.dir/CheckFunctionExists.c.o   -c /usr/share/cmake/Modules/CheckFunctionExists.c
<command-line>:0:23: warning: conflicting types for built-in function ‘alloca’
/usr/share/cmake/Modules/CheckFunctionExists.c:7:3: note: in expansion of macro ‘CHECK_FUNCTION_EXISTS’
   CHECK_FUNCTION_EXISTS(void);
   ^~~~~~~~~~~~~~~~~~~~~
Linking C executable cmTC_cbb39
/usr/bin/cmake -E cmake_link_script CMakeFiles/cmTC_cbb39.dir/link.txt --verbose=1
/usr/lib64/ccache/cc -g -O3 -DCHECK_FUNCTION_EXISTS=alloca    -rdynamic CMakeFiles/cmTC_cbb39.dir/CheckFunctionExists.c.o  -o cmTC_cbb39 
CMakeFiles/cmTC_cbb39.dir/CheckFunctionExists.c.o: In function `main':
/usr/share/cmake/Modules/CheckFunctionExists.c:17: undefined reference to `alloca'
collect2: error: ld returned 1 exit status
CMakeFiles/cmTC_cbb39.dir/build.make:97: recipe for target 'cmTC_cbb39' failed
gmake[1]: *** [cmTC_cbb39] Error 1
gmake[1]: Leaving directory '/home/ost/git/web-game/build/Default/CMakeFiles/CMakeTmp'
Makefile:126: recipe for target 'cmTC_cbb39/fast' failed
gmake: *** [cmTC_cbb39/fast] Error 2


Determining if the function dlopen exists failed with the following output:
Change Dir: /home/ost/git/web-game/build/Default/CMakeFiles/CMakeTmp

Run Build Command:"/usr/bin/gmake" "cmTC_3fa1f/fast"
/usr/bin/gmake -f CMakeFiles/cmTC_3fa1f.dir/build.make CMakeFiles/cmTC_3fa1f.dir/build
gmake[1]: Entering directory '/home/ost/git/web-game/build/Default/CMakeFiles/CMakeTmp'
Building C object CMakeFiles/cmTC_3fa1f.dir/CheckFunctionExists.c.o
/usr/lib64/ccache/cc   -g -O3 -DCHECK_FUNCTION_EXISTS=dlopen   -o CMakeFiles/cmTC_3fa1f.dir/CheckFunctionExists.c.o   -c /usr/share/cmake/Modules/CheckFunctionExists.c
Linking C executable cmTC_3fa1f
/usr/bin/cmake -E cmake_link_script CMakeFiles/cmTC_3fa1f.dir/link.txt --verbose=1
/usr/lib64/ccache/cc -g -O3 -DCHECK_FUNCTION_EXISTS=dlopen    -rdynamic CMakeFiles/cmTC_3fa1f.dir/CheckFunctionExists.c.o  -o cmTC_3fa1f 
CMakeFiles/cmTC_3fa1f.dir/CheckFunctionExists.c.o: In function `main':
/usr/share/cmake/Modules/CheckFunctionExists.c:17: undefined reference to `dlopen'
collect2: error: ld returned 1 exit status
CMakeFiles/cmTC_3fa1f.dir/build.make:97: recipe for target 'cmTC_3fa1f' failed
gmake[1]: *** [cmTC_3fa1f] Error 1
gmake[1]: Leaving directory '/home/ost/git/web-game/build/Default/CMakeFiles/CMakeTmp'
Makefile:126: recipe for target 'cmTC_3fa1f/fast' failed
gmake: *** [cmTC_3fa1f/fast] Error 2


Determining if the include file audio/audiolib.h exists failed with the following output:
Change Dir: /home/ost/git/web-game/build/Default/CMakeFiles/CMakeTmp

Run Build Command:"/usr/bin/gmake" "cmTC_4bf1f/fast"
/usr/bin/gmake -f CMakeFiles/cmTC_4bf1f.dir/build.make CMakeFiles/cmTC_4bf1f.dir/build
gmake[1]: Entering directory '/home/ost/git/web-game/build/Default/CMakeFiles/CMakeTmp'
Building C object CMakeFiles/cmTC_4bf1f.dir/CheckIncludeFile.c.o
/usr/lib64/ccache/cc   -g -O3    -o CMakeFiles/cmTC_4bf1f.dir/CheckIncludeFile.c.o   -c /home/ost/git/web-game/build/Default/CMakeFiles/CMakeTmp/CheckIncludeFile.c
/home/ost/git/web-game/build/Default/CMakeFiles/CMakeTmp/CheckIncludeFile.c:1:28: fatal error: audio/audiolib.h: No such file or directory
 #include <audio/audiolib.h>
                            ^
compilation terminated.
CMakeFiles/cmTC_4bf1f.dir/build.make:65: recipe for target 'CMakeFiles/cmTC_4bf1f.dir/CheckIncludeFile.c.o' failed
gmake[1]: *** [CMakeFiles/cmTC_4bf1f.dir/CheckIncludeFile.c.o] Error 1
gmake[1]: Leaving directory '/home/ost/git/web-game/build/Default/CMakeFiles/CMakeTmp'
Makefile:126: recipe for target 'cmTC_4bf1f/fast' failed
gmake: *** [cmTC_4bf1f/fast] Error 2


Determining if the include file sndio.h exists failed with the following output:
Change Dir: /home/ost/git/web-game/build/Default/CMakeFiles/CMakeTmp

Run Build Command:"/usr/bin/gmake" "cmTC_f16ce/fast"
/usr/bin/gmake -f CMakeFiles/cmTC_f16ce.dir/build.make CMakeFiles/cmTC_f16ce.dir/build
gmake[1]: Entering directory '/home/ost/git/web-game/build/Default/CMakeFiles/CMakeTmp'
Building C object CMakeFiles/cmTC_f16ce.dir/CheckIncludeFile.c.o
/usr/lib64/ccache/cc   -g -O3    -o CMakeFiles/cmTC_f16ce.dir/CheckIncludeFile.c.o   -c /home/ost/git/web-game/build/Default/CMakeFiles/CMakeTmp/CheckIncludeFile.c
/home/ost/git/web-game/build/Default/CMakeFiles/CMakeTmp/CheckIncludeFile.c:1:19: fatal error: sndio.h: No such file or directory
 #include <sndio.h>
                   ^
compilation terminated.
CMakeFiles/cmTC_f16ce.dir/build.make:65: recipe for target 'CMakeFiles/cmTC_f16ce.dir/CheckIncludeFile.c.o' failed
gmake[1]: *** [CMakeFiles/cmTC_f16ce.dir/CheckIncludeFile.c.o] Error 1
gmake[1]: Leaving directory '/home/ost/git/web-game/build/Default/CMakeFiles/CMakeTmp'
Makefile:126: recipe for target 'cmTC_f16ce/fast' failed
gmake: *** [cmTC_f16ce/fast] Error 2


Performing C SOURCE FILE Test HAVE_VIDEO_RPI failed with the following output:
Change Dir: /home/ost/git/web-game/build/Default/CMakeFiles/CMakeTmp

Run Build Command:"/usr/bin/gmake" "cmTC_4e6b2/fast"
/usr/bin/gmake -f CMakeFiles/cmTC_4e6b2.dir/build.make CMakeFiles/cmTC_4e6b2.dir/build
gmake[1]: Entering directory '/home/ost/git/web-game/build/Default/CMakeFiles/CMakeTmp'
Building C object CMakeFiles/cmTC_4e6b2.dir/src.c.o
/usr/lib64/ccache/cc   -g -O3 -DHAVE_VIDEO_RPI  -I/opt/vc/include/interface/vmcs_host/linux/ -I/opt/vc/include/interface/vcos/pthreads -I/opt/vc/include  -L/opt/vc/lib   -o CMakeFiles/cmTC_4e6b2.dir/src.c.o   -c /home/ost/git/web-game/build/Default/CMakeFiles/CMakeTmp/src.c
/home/ost/git/web-game/build/Default/CMakeFiles/CMakeTmp/src.c:2:30: fatal error: bcm_host.h: No such file or directory
         #include <bcm_host.h>
                              ^
compilation terminated.
CMakeFiles/cmTC_4e6b2.dir/build.make:65: recipe for target 'CMakeFiles/cmTC_4e6b2.dir/src.c.o' failed
gmake[1]: *** [CMakeFiles/cmTC_4e6b2.dir/src.c.o] Error 1
gmake[1]: Leaving directory '/home/ost/git/web-game/build/Default/CMakeFiles/CMakeTmp'
Makefile:126: recipe for target 'cmTC_4e6b2/fast' failed
gmake: *** [cmTC_4e6b2/fast] Error 2

Source file was:

        #include <bcm_host.h>
        int main(int argc, char **argv) {}
Performing C SOURCE FILE Test HAVE_VIDEO_OPENGLES_V1 failed with the following output:
Change Dir: /home/ost/git/web-game/build/Default/CMakeFiles/CMakeTmp

Run Build Command:"/usr/bin/gmake" "cmTC_8ae19/fast"
/usr/bin/gmake -f CMakeFiles/cmTC_8ae19.dir/build.make CMakeFiles/cmTC_8ae19.dir/build
gmake[1]: Entering directory '/home/ost/git/web-game/build/Default/CMakeFiles/CMakeTmp'
Building C object CMakeFiles/cmTC_8ae19.dir/src.c.o
/usr/lib64/ccache/cc   -g -O3 -DHAVE_VIDEO_OPENGLES_V1   -o CMakeFiles/cmTC_8ae19.dir/src.c.o   -c /home/ost/git/web-game/build/Default/CMakeFiles/CMakeTmp/src.c
/home/ost/git/web-game/build/Default/CMakeFiles/CMakeTmp/src.c:2:27: fatal error: GLES/gl.h: No such file or directory
       #include <GLES/gl.h>
                           ^
compilation terminated.
CMakeFiles/cmTC_8ae19.dir/build.make:65: recipe for target 'CMakeFiles/cmTC_8ae19.dir/src.c.o' failed
gmake[1]: *** [CMakeFiles/cmTC_8ae19.dir/src.c.o] Error 1
gmake[1]: Leaving directory '/home/ost/git/web-game/build/Default/CMakeFiles/CMakeTmp'
Makefile:126: recipe for target 'cmTC_8ae19/fast' failed
gmake: *** [cmTC_8ae19/fast] Error 2

Source file was:

      #include <GLES/gl.h>
      #include <GLES/glext.h>
      int main (int argc, char** argv) {}
Performing C SOURCE FILE Test HAVE_VIDEO_VIVANTE_VDK failed with the following output:
Change Dir: /home/ost/git/web-game/build/Default/CMakeFiles/CMakeTmp

Run Build Command:"/usr/bin/gmake" "cmTC_1d2cc/fast"
/usr/bin/gmake -f CMakeFiles/cmTC_1d2cc.dir/build.make CMakeFiles/cmTC_1d2cc.dir/build
gmake[1]: Entering directory '/home/ost/git/web-game/build/Default/CMakeFiles/CMakeTmp'
Building C object CMakeFiles/cmTC_1d2cc.dir/src.c.o
/usr/lib64/ccache/cc   -g -O3 -DHAVE_VIDEO_VIVANTE_VDK   -o CMakeFiles/cmTC_1d2cc.dir/src.c.o   -c /home/ost/git/web-game/build/Default/CMakeFiles/CMakeTmp/src.c
/home/ost/git/web-game/build/Default/CMakeFiles/CMakeTmp/src.c:2:28: fatal error: gc_vdk.h: No such file or directory
         #include <gc_vdk.h>
                            ^
compilation terminated.
CMakeFiles/cmTC_1d2cc.dir/build.make:65: recipe for target 'CMakeFiles/cmTC_1d2cc.dir/src.c.o' failed
gmake[1]: *** [CMakeFiles/cmTC_1d2cc.dir/src.c.o] Error 1
gmake[1]: Leaving directory '/home/ost/git/web-game/build/Default/CMakeFiles/CMakeTmp'
Makefile:126: recipe for target 'cmTC_1d2cc/fast' failed
gmake: *** [cmTC_1d2cc/fast] Error 2

Source file was:

        #include <gc_vdk.h>
        int main(int argc, char** argv) {}
Performing C SOURCE FILE Test HAVE_VIDEO_VIVANTE_EGL_FB failed with the following output:
Change Dir: /home/ost/git/web-game/build/Default/CMakeFiles/CMakeTmp

Run Build Command:"/usr/bin/gmake" "cmTC_db508/fast"
/usr/bin/gmake -f CMakeFiles/cmTC_db508.dir/build.make CMakeFiles/cmTC_db508.dir/build
gmake[1]: Entering directory '/home/ost/git/web-game/build/Default/CMakeFiles/CMakeTmp'
Building C object CMakeFiles/cmTC_db508.dir/src.c.o
/usr/lib64/ccache/cc   -g -O3 -DHAVE_VIDEO_VIVANTE_EGL_FB   -o CMakeFiles/cmTC_db508.dir/src.c.o   -c /home/ost/git/web-game/build/Default/CMakeFiles/CMakeTmp/src.c
/home/ost/git/web-game/build/Default/CMakeFiles/CMakeTmp/src.c:4:36: fatal error: EGL/eglvivante.h: No such file or directory
         #include <EGL/eglvivante.h>
                                    ^
compilation terminated.
CMakeFiles/cmTC_db508.dir/build.make:65: recipe for target 'CMakeFiles/cmTC_db508.dir/src.c.o' failed
gmake[1]: *** [CMakeFiles/cmTC_db508.dir/src.c.o] Error 1
gmake[1]: Leaving directory '/home/ost/git/web-game/build/Default/CMakeFiles/CMakeTmp'
Makefile:126: recipe for target 'cmTC_db508/fast' failed
gmake: *** [cmTC_db508/fast] Error 2

Source file was:

        #define LINUX
        #define EGL_API_FB
        #include <EGL/eglvivante.h>
        int main(int argc, char** argv) {}
Determining if the include file fcitx/frontend.h exists failed with the following output:
Change Dir: /home/ost/git/web-game/build/Default/CMakeFiles/CMakeTmp

Run Build Command:"/usr/bin/gmake" "cmTC_1fba3/fast"
/usr/bin/gmake -f CMakeFiles/cmTC_1fba3.dir/build.make CMakeFiles/cmTC_1fba3.dir/build
gmake[1]: Entering directory '/home/ost/git/web-game/build/Default/CMakeFiles/CMakeTmp'
Building C object CMakeFiles/cmTC_1fba3.dir/CheckIncludeFile.c.o
/usr/lib64/ccache/cc   -g -O3    -o CMakeFiles/cmTC_1fba3.dir/CheckIncludeFile.c.o   -c /home/ost/git/web-game/build/Default/CMakeFiles/CMakeTmp/CheckIncludeFile.c
/home/ost/git/web-game/build/Default/CMakeFiles/CMakeTmp/CheckIncludeFile.c:1:28: fatal error: fcitx/frontend.h: No such file or directory
 #include <fcitx/frontend.h>
                            ^
compilation terminated.
CMakeFiles/cmTC_1fba3.dir/build.make:65: recipe for target 'CMakeFiles/cmTC_1fba3.dir/CheckIncludeFile.c.o' failed
gmake[1]: *** [CMakeFiles/cmTC_1fba3.dir/CheckIncludeFile.c.o] Error 1
gmake[1]: Leaving directory '/home/ost/git/web-game/build/Default/CMakeFiles/CMakeTmp'
Makefile:126: recipe for target 'cmTC_1fba3/fast' failed
gmake: *** [cmTC_1fba3/fast] Error 2


Performing C SOURCE FILE Test HAVE_INPUT_TSLIB failed with the following output:
Change Dir: /home/ost/git/web-game/build/Default/CMakeFiles/CMakeTmp

Run Build Command:"/usr/bin/gmake" "cmTC_4167d/fast"
/usr/bin/gmake -f CMakeFiles/cmTC_4167d.dir/build.make CMakeFiles/cmTC_4167d.dir/build
gmake[1]: Entering directory '/home/ost/git/web-game/build/Default/CMakeFiles/CMakeTmp'
Building C object CMakeFiles/cmTC_4167d.dir/src.c.o
/usr/lib64/ccache/cc   -g -O3 -DHAVE_INPUT_TSLIB   -o CMakeFiles/cmTC_4167d.dir/src.c.o   -c /home/ost/git/web-game/build/Default/CMakeFiles/CMakeTmp/src.c
/home/ost/git/web-game/build/Default/CMakeFiles/CMakeTmp/src.c:2:27: fatal error: tslib.h: No such file or directory
         #include "tslib.h"
                           ^
compilation terminated.
CMakeFiles/cmTC_4167d.dir/build.make:65: recipe for target 'CMakeFiles/cmTC_4167d.dir/src.c.o' failed
gmake[1]: *** [CMakeFiles/cmTC_4167d.dir/src.c.o] Error 1
gmake[1]: Leaving directory '/home/ost/git/web-game/build/Default/CMakeFiles/CMakeTmp'
Makefile:126: recipe for target 'cmTC_4167d/fast' failed
gmake: *** [cmTC_4167d/fast] Error 2

Source file was:

        #include "tslib.h"
        int main(int argc, char** argv) { }
Determining if the function hid_init exists in the usbhid failed with the following output:
Change Dir: /home/ost/git/web-game/build/Default/CMakeFiles/CMakeTmp

Run Build Command:"/usr/bin/gmake" "cmTC_e8c76/fast"
/usr/bin/gmake -f CMakeFiles/cmTC_e8c76.dir/build.make CMakeFiles/cmTC_e8c76.dir/build
gmake[1]: Entering directory '/home/ost/git/web-game/build/Default/CMakeFiles/CMakeTmp'
Building C object CMakeFiles/cmTC_e8c76.dir/CheckFunctionExists.c.o
/usr/lib64/ccache/cc   -g -O3 -DCHECK_FUNCTION_EXISTS=hid_init   -o CMakeFiles/cmTC_e8c76.dir/CheckFunctionExists.c.o   -c /usr/share/cmake/Modules/CheckFunctionExists.c
Linking C executable cmTC_e8c76
/usr/bin/cmake -E cmake_link_script CMakeFiles/cmTC_e8c76.dir/link.txt --verbose=1
/usr/lib64/ccache/cc -g -O3 -DCHECK_FUNCTION_EXISTS=hid_init    -rdynamic CMakeFiles/cmTC_e8c76.dir/CheckFunctionExists.c.o  -o cmTC_e8c76 -lusbhid 
/usr/bin/ld: cannot find -lusbhid
collect2: error: ld returned 1 exit status
CMakeFiles/cmTC_e8c76.dir/build.make:97: recipe for target 'cmTC_e8c76' failed
gmake[1]: *** [cmTC_e8c76] Error 1
gmake[1]: Leaving directory '/home/ost/git/web-game/build/Default/CMakeFiles/CMakeTmp'
Makefile:126: recipe for target 'cmTC_e8c76/fast' failed
gmake: *** [cmTC_e8c76/fast] Error 2


Determining if the include file usb.h exists failed with the following output:
Change Dir: /home/ost/git/web-game/build/Default/CMakeFiles/CMakeTmp

Run Build Command:"/usr/bin/gmake" "cmTC_c118f/fast"
/usr/bin/gmake -f CMakeFiles/cmTC_c118f.dir/build.make CMakeFiles/cmTC_c118f.dir/build
gmake[1]: Entering directory '/home/ost/git/web-game/build/Default/CMakeFiles/CMakeTmp'
Building C object CMakeFiles/cmTC_c118f.dir/CheckIncludeFile.c.o
/usr/lib64/ccache/cc   -g -O3    -o CMakeFiles/cmTC_c118f.dir/CheckIncludeFile.c.o   -c /home/ost/git/web-game/build/Default/CMakeFiles/CMakeTmp/CheckIncludeFile.c
/home/ost/git/web-game/build/Default/CMakeFiles/CMakeTmp/CheckIncludeFile.c:1:17: fatal error: usb.h: No such file or directory
 #include <usb.h>
                 ^
compilation terminated.
CMakeFiles/cmTC_c118f.dir/build.make:65: recipe for target 'CMakeFiles/cmTC_c118f.dir/CheckIncludeFile.c.o' failed
gmake[1]: *** [CMakeFiles/cmTC_c118f.dir/CheckIncludeFile.c.o] Error 1
gmake[1]: Leaving directory '/home/ost/git/web-game/build/Default/CMakeFiles/CMakeTmp'
Makefile:126: recipe for target 'cmTC_c118f/fast' failed
gmake: *** [cmTC_c118f/fast] Error 2


Determining if the include file libusb.h exists failed with the following output:
Change Dir: /home/ost/git/web-game/build/Default/CMakeFiles/CMakeTmp

Run Build Command:"/usr/bin/gmake" "cmTC_99bd6/fast"
/usr/bin/gmake -f CMakeFiles/cmTC_99bd6.dir/build.make CMakeFiles/cmTC_99bd6.dir/build
gmake[1]: Entering directory '/home/ost/git/web-game/build/Default/CMakeFiles/CMakeTmp'
Building C object CMakeFiles/cmTC_99bd6.dir/CheckIncludeFile.c.o
/usr/lib64/ccache/cc   -g -O3    -o CMakeFiles/cmTC_99bd6.dir/CheckIncludeFile.c.o   -c /home/ost/git/web-game/build/Default/CMakeFiles/CMakeTmp/CheckIncludeFile.c
/home/ost/git/web-game/build/Default/CMakeFiles/CMakeTmp/CheckIncludeFile.c:1:20: fatal error: libusb.h: No such file or directory
 #include <libusb.h>
                    ^
compilation terminated.
CMakeFiles/cmTC_99bd6.dir/build.make:65: recipe for target 'CMakeFiles/cmTC_99bd6.dir/CheckIncludeFile.c.o' failed
gmake[1]: *** [CMakeFiles/cmTC_99bd6.dir/CheckIncludeFile.c.o] Error 1
gmake[1]: Leaving directory '/home/ost/git/web-game/build/Default/CMakeFiles/CMakeTmp'
Makefile:126: recipe for target 'cmTC_99bd6/fast' failed
gmake: *** [cmTC_99bd6/fast] Error 2


Determining if the function hid_init exists in the usb failed with the following output:
Change Dir: /home/ost/git/web-game/build/Default/CMakeFiles/CMakeTmp

Run Build Command:"/usr/bin/gmake" "cmTC_cacab/fast"
/usr/bin/gmake -f CMakeFiles/cmTC_cacab.dir/build.make CMakeFiles/cmTC_cacab.dir/build
gmake[1]: Entering directory '/home/ost/git/web-game/build/Default/CMakeFiles/CMakeTmp'
Building C object CMakeFiles/cmTC_cacab.dir/CheckFunctionExists.c.o
/usr/lib64/ccache/cc   -g -O3 -DCHECK_FUNCTION_EXISTS=hid_init   -o CMakeFiles/cmTC_cacab.dir/CheckFunctionExists.c.o   -c /usr/share/cmake/Modules/CheckFunctionExists.c
Linking C executable cmTC_cacab
/usr/bin/cmake -E cmake_link_script CMakeFiles/cmTC_cacab.dir/link.txt --verbose=1
/usr/lib64/ccache/cc -g -O3 -DCHECK_FUNCTION_EXISTS=hid_init    -rdynamic CMakeFiles/cmTC_cacab.dir/CheckFunctionExists.c.o  -o cmTC_cacab -lusb 
/usr/bin/ld: cannot find -lusb
collect2: error: ld returned 1 exit status
CMakeFiles/cmTC_cacab.dir/build.make:97: recipe for target 'cmTC_cacab' failed
gmake[1]: *** [cmTC_cacab] Error 1
gmake[1]: Leaving directory '/home/ost/git/web-game/build/Default/CMakeFiles/CMakeTmp'
Makefile:126: recipe for target 'cmTC_cacab/fast' failed
gmake: *** [cmTC_cacab/fast] Error 2


Performing C SOURCE FILE Test HAVE_USBHID failed with the following output:
Change Dir: /home/ost/git/web-game/build/Default/CMakeFiles/CMakeTmp

Run Build Command:"/usr/bin/gmake" "cmTC_b06e3/fast"
/usr/bin/gmake -f CMakeFiles/cmTC_b06e3.dir/build.make CMakeFiles/cmTC_b06e3.dir/build
gmake[1]: Entering directory '/home/ost/git/web-game/build/Default/CMakeFiles/CMakeTmp'
Building C object CMakeFiles/cmTC_b06e3.dir/src.c.o
/usr/lib64/ccache/cc   -g -O3 -DHAVE_USBHID   -o CMakeFiles/cmTC_b06e3.dir/src.c.o   -c /home/ost/git/web-game/build/Default/CMakeFiles/CMakeTmp/src.c
/home/ost/git/web-game/build/Default/CMakeFiles/CMakeTmp/src.c:10:34: fatal error: dev/usb/usb.h: No such file or directory
         # include <dev/usb/usb.h>
                                  ^
compilation terminated.
CMakeFiles/cmTC_b06e3.dir/build.make:65: recipe for target 'CMakeFiles/cmTC_b06e3.dir/src.c.o' failed
gmake[1]: *** [CMakeFiles/cmTC_b06e3.dir/src.c.o] Error 1
gmake[1]: Leaving directory '/home/ost/git/web-game/build/Default/CMakeFiles/CMakeTmp'
Makefile:126: recipe for target 'cmTC_b06e3/fast' failed
gmake: *** [cmTC_b06e3/fast] Error 2

Source file was:

       #include <sys/types.h>
        #if defined(HAVE_USB_H)
        #include <usb.h>
        #endif
        #ifdef __DragonFly__
        # include <bus/usb/usb.h>
        # include <bus/usb/usbhid.h>
        #else
        # include <dev/usb/usb.h>
        # include <dev/usb/usbhid.h>
        #endif
        #if defined(HAVE_USBHID_H)
        #include <usbhid.h>
        #elif defined(HAVE_LIBUSB_H)
        #include <libusb.h>
        #elif defined(HAVE_LIBUSBHID_H)
        #include <libusbhid.h>
        #endif
        int main(int argc, char **argv) {
          struct report_desc *repdesc;
          struct usb_ctl_report *repbuf;
          hid_kind_t hidkind;
          return 0;
        }
Performing C SOURCE FILE Test HAVE_PTHREAD_NP_H failed with the following output:
Change Dir: /home/ost/git/web-game/build/Default/CMakeFiles/CMakeTmp

Run Build Command:"/usr/bin/gmake" "cmTC_9c00c/fast"
/usr/bin/gmake -f CMakeFiles/cmTC_9c00c.dir/build.make CMakeFiles/cmTC_9c00c.dir/build
gmake[1]: Entering directory '/home/ost/git/web-game/build/Default/CMakeFiles/CMakeTmp'
Building C object CMakeFiles/cmTC_9c00c.dir/src.c.o
/usr/lib64/ccache/cc   -g -O3 -DHAVE_PTHREAD_NP_H   -D_REENTRANT -pthread   -o CMakeFiles/cmTC_9c00c.dir/src.c.o   -c /home/ost/git/web-game/build/Default/CMakeFiles/CMakeTmp/src.c
/home/ost/git/web-game/build/Default/CMakeFiles/CMakeTmp/src.c:3:34: fatal error: pthread_np.h: No such file or directory
           #include <pthread_np.h>
                                  ^
compilation terminated.
CMakeFiles/cmTC_9c00c.dir/build.make:65: recipe for target 'CMakeFiles/cmTC_9c00c.dir/src.c.o' failed
gmake[1]: *** [CMakeFiles/cmTC_9c00c.dir/src.c.o] Error 1
gmake[1]: Leaving directory '/home/ost/git/web-game/build/Default/CMakeFiles/CMakeTmp'
Makefile:126: recipe for target 'cmTC_9c00c/fast' failed
gmake: *** [cmTC_9c00c/fast] Error 2

Source file was:

          #include <pthread.h>
          #include <pthread_np.h>
          int main(int argc, char** argv) { return 0; }
Determining if the function pthread_set_name_np exists failed with the following output:
Change Dir: /home/ost/git/web-game/build/Default/CMakeFiles/CMakeTmp

Run Build Command:"/usr/bin/gmake" "cmTC_c36a7/fast"
/usr/bin/gmake -f CMakeFiles/cmTC_c36a7.dir/build.make CMakeFiles/cmTC_c36a7.dir/build
gmake[1]: Entering directory '/home/ost/git/web-game/build/Default/CMakeFiles/CMakeTmp'
Building C object CMakeFiles/cmTC_c36a7.dir/CheckFunctionExists.c.o
/usr/lib64/ccache/cc   -g -O3 -DCHECK_FUNCTION_EXISTS=pthread_set_name_np   -D_REENTRANT -pthread   -o CMakeFiles/cmTC_c36a7.dir/CheckFunctionExists.c.o   -c /usr/share/cmake/Modules/CheckFunctionExists.c
Linking C executable cmTC_c36a7
/usr/bin/cmake -E cmake_link_script CMakeFiles/cmTC_c36a7.dir/link.txt --verbose=1
/usr/lib64/ccache/cc -g -O3 -DCHECK_FUNCTION_EXISTS=pthread_set_name_np   -D_REENTRANT -pthread    -rdynamic CMakeFiles/cmTC_c36a7.dir/CheckFunctionExists.c.o  -o cmTC_c36a7 
CMakeFiles/cmTC_c36a7.dir/CheckFunctionExists.c.o: In function `main':
/usr/share/cmake/Modules/CheckFunctionExists.c:17: undefined reference to `pthread_set_name_np'
collect2: error: ld returned 1 exit status
CMakeFiles/cmTC_c36a7.dir/build.make:97: recipe for target 'cmTC_c36a7' failed
gmake[1]: *** [cmTC_c36a7] Error 1
gmake[1]: Leaving directory '/home/ost/git/web-game/build/Default/CMakeFiles/CMakeTmp'
Makefile:126: recipe for target 'cmTC_c36a7/fast' failed
gmake: *** [cmTC_c36a7/fast] Error 2


